#
# There is insufficient memory for the Java Runtime Environment to continue.
# Native memory allocation (mmap) failed to map 413138944 bytes for Failed to commit area from 0x000000008ed00000 to 0x00000000a7700000 of length 413138944.
# Possible reasons:
#   The system is out of physical RAM or swap space
#   The process is running with CompressedOops enabled, and the Java Heap may be blocking the growth of the native heap
# Possible solutions:
#   Reduce memory load on the system
#   Increase physical memory or swap space
#   Check if swap backing store is full
#   Decrease Java heap size (-Xmx/-Xms)
#   Decrease number of Java threads
#   Decrease Java thread stack sizes (-Xss)
#   Set larger code cache with -XX:ReservedCodeCacheSize=
#   JVM is running with Unscaled Compressed Oops mode in which the Java heap is
#     placed in the first 4GB address space. The Java Heap base address is the
#     maximum limit for the native heap growth. Please use -XX:HeapBaseMinAddress
#     to set the Java Heap base and to place the Java Heap above 4GB virtual address.
# This output file may be truncated or incomplete.
#
#  Out of Memory Error (./src/hotspot/os/windows/os_windows.cpp:3301), pid=2836, tid=2644
#
# JRE version: OpenJDK Runtime Environment (11.0.11+9) (build 11.0.11+9-b60-7590822)
# Java VM: OpenJDK 64-Bit Server VM (11.0.11+9-b60-7590822, mixed mode, tiered, compressed oops, g1 gc, windows-amd64)
# No core dump will be written. Minidumps are not enabled by default on client versions of Windows
#

---------------  S U M M A R Y ------------

Command Line: --add-opens=java.base/java.util=ALL-UNNAMED --add-opens=java.base/java.lang=ALL-UNNAMED --add-opens=java.base/java.lang.invoke=ALL-UNNAMED --add-opens=java.base/java.util=ALL-UNNAMED --add-opens=java.prefs/java.util.prefs=ALL-UNNAMED --add-opens=java.prefs/java.util.prefs=ALL-UNNAMED --add-opens=java.base/java.nio.charset=ALL-UNNAMED --add-opens=java.base/java.net=ALL-UNNAMED --add-opens=java.base/java.util.concurrent.atomic=ALL-UNNAMED -Xmx2048m -Dfile.encoding=UTF-8 -Duser.country=FR -Duser.language=fr -Duser.variant org.gradle.launcher.daemon.bootstrap.GradleDaemon 7.2

Host: Intel(R) Core(TM) i3-3110M CPU @ 2.40GHz, 4 cores, 1G,  Windows 7 , 64 bit Build 7601 (6.1.7601.24545)
Time: Sun May 15 17:44:57 2022 Paris, Madrid elapsed time: 631.107929 seconds (0d 0h 10m 31s)

---------------  T H R E A D  ---------------

Current thread (0x000000005d89b000):  VMThread "VM Thread" [stack: 0x000000001cb20000,0x000000001cc20000] [id=2644]

Stack: [0x000000001cb20000,0x000000001cc20000]
[error occurred during error reporting (printing stack bounds), id 0xc0000005, EXCEPTION_ACCESS_VIOLATION (0xc0000005) at pc=0x0000000006110f2d]

Native frames: (J=compiled Java code, j=interpreted, Vv=VM code, C=native code)
V  [jvm.dll+0x5f214a]
V  [jvm.dll+0x726fb5]
V  [jvm.dll+0x7285cd]
V  [jvm.dll+0x728be5]
V  [jvm.dll+0x728b9b]
V  [jvm.dll+0x5f14e8]
V  [jvm.dll+0x5f1c78]
C  [ntdll.dll+0x6be9d]
C  [ntdll.dll+0x4040a]
C  [ntdll.dll+0x6b53e]
C  0x0000000006110f2d

VM_Operation (0x000000007114da60): G1CollectForAllocation, mode: safepoint, requested by thread 0x0000000066824800


---------------  P R O C E S S  ---------------

Threads class SMR info:
_java_thread_list=0x000000006d4f01a0, length=85, elements={
0x00000000004c1000, 0x000000005d89d800, 0x000000005d8a7000, 0x000000005d8b4800,
0x000000005d8b7800, 0x000000005d8bc800, 0x000000005d8c1000, 0x000000005d8c2800,
0x000000005d8c3800, 0x000000005e5ae800, 0x000000005fde7000, 0x000000005ec29000,
0x000000005ec22000, 0x000000005e539000, 0x000000005e53a000, 0x000000005e53a800,
0x000000005fada800, 0x000000005fadc000, 0x000000005fadd000, 0x0000000060c74000,
0x0000000060c76800, 0x0000000061541000, 0x0000000061542000, 0x0000000061544800,
0x0000000061545800, 0x0000000061540800, 0x0000000061543800, 0x0000000061546000,
0x0000000061547000, 0x0000000060c78000, 0x0000000060c79800, 0x0000000060c75000,
0x0000000060c77800, 0x000000005fad7800, 0x000000005fad8000, 0x000000005fada000,
0x000000005fad9000, 0x000000005e538800, 0x000000005ec7e800, 0x000000005ec7f000,
0x000000005ec80000, 0x000000005ec81000, 0x000000005ec81800, 0x000000005ec82800,
0x000000005ec83000, 0x000000005ec84000, 0x000000005ec85000, 0x000000005f4f3000,
0x000000005f4f4000, 0x000000005f4f4800, 0x000000005f4f5800, 0x000000005f4f6800,
0x000000005f4f7000, 0x000000005f4f8000, 0x000000005f4f9000, 0x000000005f4f9800,
0x0000000061736000, 0x0000000061737000, 0x0000000061738000, 0x0000000061738800,
0x0000000061739800, 0x000000006173a000, 0x000000006173b000, 0x000000006173c000,
0x000000006173c800, 0x000000005f83a800, 0x000000005f83b000, 0x000000005f83c000,
0x000000005f83d000, 0x000000005f83d800, 0x000000005f83e800, 0x000000005f83f000,
0x000000005f840000, 0x000000005f841000, 0x000000006681d800, 0x000000006681e800,
0x0000000060c79000, 0x000000006681f800, 0x0000000066820000, 0x0000000066821000,
0x0000000066822000, 0x0000000066822800, 0x0000000066823800, 0x0000000066824800,
0x0000000066dbc000
}

Java Threads: ( => current thread )
  0x00000000004c1000 JavaThread "main" [_thread_blocked, id=4260, stack(0x0000000002180000,0x0000000002280000)]
  0x000000005d89d800 JavaThread "Reference Handler" daemon [_thread_blocked, id=5060, stack(0x000000005db30000,0x000000005dc30000)]
  0x000000005d8a7000 JavaThread "Finalizer" daemon [_thread_blocked, id=1868, stack(0x000000005d9c0000,0x000000005dac0000)]
  0x000000005d8b4800 JavaThread "Signal Dispatcher" daemon [_thread_blocked, id=3104, stack(0x000000005dd70000,0x000000005de70000)]
  0x000000005d8b7800 JavaThread "Attach Listener" daemon [_thread_blocked, id=2744, stack(0x000000005dfe0000,0x000000005e0e0000)]
  0x000000005d8bc800 JavaThread "Service Thread" daemon [_thread_blocked, id=4352, stack(0x000000005dea0000,0x000000005dfa0000)]
  0x000000005d8c1000 JavaThread "C2 CompilerThread0" daemon [_thread_blocked, id=2664, stack(0x000000005e210000,0x000000005e310000)]
  0x000000005d8c2800 JavaThread "C1 CompilerThread0" daemon [_thread_blocked, id=1352, stack(0x000000005e400000,0x000000005e500000)]
  0x000000005d8c3800 JavaThread "Sweeper thread" daemon [_thread_blocked, id=4408, stack(0x000000005dc30000,0x000000005dd30000)]
  0x000000005e5ae800 JavaThread "Common-Cleaner" daemon [_thread_blocked, id=4964, stack(0x000000005e110000,0x000000005e210000)]
  0x000000005fde7000 JavaThread "Daemon health stats" [_thread_blocked, id=3892, stack(0x0000000061810000,0x0000000061910000)]
  0x000000005ec29000 JavaThread "Incoming local TCP Connector on port 50439" [_thread_in_native, id=3328, stack(0x0000000062040000,0x0000000062140000)]
  0x000000005ec22000 JavaThread "Daemon periodic checks" [_thread_blocked, id=3412, stack(0x00000000623c0000,0x00000000624c0000)]
  0x000000005e539000 JavaThread "Cache worker for journal cache (C:\Users\Admin\.gradle\caches\journal-1)" [_thread_blocked, id=4284, stack(0x00000000632f0000,0x00000000633f0000)]
  0x000000005e53a000 JavaThread "File lock request listener" [_thread_in_native, id=4796, stack(0x0000000063430000,0x0000000063530000)]
  0x000000005e53a800 JavaThread "Cache worker for file hash cache (C:\Users\Admin\.gradle\caches\7.2\fileHashes)" [_thread_blocked, id=4772, stack(0x00000000635c0000,0x00000000636c0000)]
  0x000000005fada800 JavaThread "Cache worker for execution history cache (C:\Users\Admin\.gradle\caches\7.2\executionHistory)" [_thread_blocked, id=4024, stack(0x0000000065470000,0x0000000065570000)]
  0x000000005fadc000 JavaThread "jar transforms" [_thread_blocked, id=3956, stack(0x0000000065d80000,0x0000000065e80000)]
  0x000000005fadd000 JavaThread "Cache worker for file content cache (C:\Users\Admin\.gradle\caches\7.2\fileContent)" [_thread_blocked, id=3280, stack(0x0000000065f80000,0x0000000066080000)]
  0x0000000060c74000 JavaThread "jar transforms Thread 2" [_thread_blocked, id=2112, stack(0x0000000066550000,0x0000000066650000)]
  0x0000000060c76800 JavaThread "jar transforms Thread 3" [_thread_blocked, id=3168, stack(0x0000000067760000,0x0000000067860000)]
  0x0000000061541000 JavaThread "jar transforms Thread 4" [_thread_blocked, id=4984, stack(0x000000006b730000,0x000000006b830000)]
  0x0000000061542000 JavaThread "Memory manager" [_thread_blocked, id=5024, stack(0x000000006c160000,0x000000006c260000)]
  0x0000000061544800 JavaThread "pool-3-thread-1" [_thread_blocked, id=1248, stack(0x000000006c040000,0x000000006c140000)]
  0x0000000061545800 JavaThread "Daemon Thread 2" [_thread_blocked, id=2808, stack(0x00000000628e0000,0x00000000629e0000)]
  0x0000000061540800 JavaThread "Handler for socket connection from /127.0.0.1:50439 to /127.0.0.1:50450" [_thread_in_native, id=4064, stack(0x00000000624f0000,0x00000000625f0000)]
  0x0000000061543800 JavaThread "Cancel handler" [_thread_blocked, id=3896, stack(0x0000000062ae0000,0x0000000062be0000)]
  0x0000000061546000 JavaThread "Daemon worker Thread 2" [_thread_blocked, id=4764, stack(0x0000000064e10000,0x0000000064f10000)]
  0x0000000061547000 JavaThread "Asynchronous log dispatcher for DefaultDaemonConnection: socket connection from /127.0.0.1:50439 to /127.0.0.1:50450" [_thread_blocked, id=1948, stack(0x0000000062f00000,0x0000000063000000)]
  0x0000000060c78000 JavaThread "Daemon client event forwarder" [_thread_blocked, id=4428, stack(0x00000000661c0000,0x00000000662c0000)]
  0x0000000060c79800 JavaThread "Cache worker for file hash cache (C:\Users\Admin\AndroidStudioProjects\chat\.gradle\7.2\fileHashes)" [_thread_blocked, id=4464, stack(0x00000000662c0000,0x00000000663c0000)]
  0x0000000060c75000 JavaThread "Cache worker for checksums cache (C:\Users\Admin\AndroidStudioProjects\chat\.gradle\checksums)" [_thread_blocked, id=1052, stack(0x0000000066420000,0x0000000066520000)]
  0x0000000060c77800 JavaThread "Cache worker for cache directory md-supplier (C:\Users\Admin\.gradle\caches\7.2\md-supplier)" [_thread_blocked, id=4752, stack(0x0000000066080000,0x0000000066180000)]
  0x000000005fad7800 JavaThread "Cache worker for cache directory md-rule (C:\Users\Admin\.gradle\caches\7.2\md-rule)" [_thread_blocked, id=3692, stack(0x0000000068200000,0x0000000068300000)]
  0x000000005fad8000 JavaThread "Cache worker for dependencies-accessors (C:\Users\Admin\AndroidStudioProjects\chat\.gradle\7.2\dependencies-accessors)" [_thread_blocked, id=2096, stack(0x0000000068480000,0x0000000068580000)]
  0x000000005fada000 JavaThread "Cache worker for Build Output Cleanup Cache (C:\Users\Admin\AndroidStudioProjects\chat\.gradle\buildOutputCleanup)" [_thread_blocked, id=4396, stack(0x0000000068650000,0x0000000068750000)]
  0x000000005fad9000 JavaThread "Unconstrained build operations" [_thread_blocked, id=4504, stack(0x0000000068360000,0x0000000068460000)]
  0x000000005e538800 JavaThread "Unconstrained build operations Thread 2" [_thread_blocked, id=568, stack(0x0000000065e80000,0x0000000065f80000)]
  0x000000005ec7e800 JavaThread "Unconstrained build operations Thread 3" [_thread_blocked, id=1180, stack(0x0000000067660000,0x0000000067760000)]
  0x000000005ec7f000 JavaThread "Unconstrained build operations Thread 4" [_thread_blocked, id=4672, stack(0x0000000068950000,0x0000000068a50000)]
  0x000000005ec80000 JavaThread "Unconstrained build operations Thread 5" [_thread_blocked, id=1324, stack(0x0000000068a90000,0x0000000068b90000)]
  0x000000005ec81000 JavaThread "Unconstrained build operations Thread 6" [_thread_blocked, id=728, stack(0x0000000068c90000,0x0000000068d90000)]
  0x000000005ec81800 JavaThread "Unconstrained build operations Thread 7" [_thread_blocked, id=4292, stack(0x0000000068dc0000,0x0000000068ec0000)]
  0x000000005ec82800 JavaThread "Unconstrained build operations Thread 8" [_thread_blocked, id=3404, stack(0x0000000068f30000,0x0000000069030000)]
  0x000000005ec83000 JavaThread "Unconstrained build operations Thread 9" [_thread_blocked, id=5056, stack(0x0000000069060000,0x0000000069160000)]
  0x000000005ec84000 JavaThread "Unconstrained build operations Thread 10" [_thread_blocked, id=3056, stack(0x0000000069210000,0x0000000069310000)]
  0x000000005ec85000 JavaThread "Unconstrained build operations Thread 11" [_thread_blocked, id=1960, stack(0x00000000694c0000,0x00000000695c0000)]
  0x000000005f4f3000 JavaThread "Unconstrained build operations Thread 12" [_thread_blocked, id=2956, stack(0x00000000696d0000,0x00000000697d0000)]
  0x000000005f4f4000 JavaThread "Unconstrained build operations Thread 13" [_thread_blocked, id=4228, stack(0x00000000693b0000,0x00000000694b0000)]
  0x000000005f4f4800 JavaThread "Unconstrained build operations Thread 14" [_thread_blocked, id=4952, stack(0x00000000698d0000,0x00000000699d0000)]
  0x000000005f4f5800 JavaThread "Unconstrained build operations Thread 15" [_thread_blocked, id=4008, stack(0x0000000069ac0000,0x0000000069bc0000)]
  0x000000005f4f6800 JavaThread "Unconstrained build operations Thread 16" [_thread_blocked, id=4540, stack(0x0000000069cb0000,0x0000000069db0000)]
  0x000000005f4f7000 JavaThread "Unconstrained build operations Thread 17" [_thread_blocked, id=3872, stack(0x0000000069f20000,0x000000006a020000)]
  0x000000005f4f8000 JavaThread "Unconstrained build operations Thread 18" [_thread_blocked, id=2356, stack(0x000000006a050000,0x000000006a150000)]
  0x000000005f4f9000 JavaThread "Unconstrained build operations Thread 19" [_thread_blocked, id=3484, stack(0x0000000069de0000,0x0000000069ee0000)]
  0x000000005f4f9800 JavaThread "Unconstrained build operations Thread 20" [_thread_blocked, id=1880, stack(0x000000006a280000,0x000000006a380000)]
  0x0000000061736000 JavaThread "Unconstrained build operations Thread 21" [_thread_blocked, id=508, stack(0x000000006a470000,0x000000006a570000)]
  0x0000000061737000 JavaThread "Unconstrained build operations Thread 22" [_thread_blocked, id=4528, stack(0x000000006a5e0000,0x000000006a6e0000)]
  0x0000000061738000 JavaThread "Unconstrained build operations Thread 23" [_thread_blocked, id=3988, stack(0x000000006a7d0000,0x000000006a8d0000)]
  0x0000000061738800 JavaThread "Unconstrained build operations Thread 24" [_thread_blocked, id=4116, stack(0x00000000629e0000,0x0000000062ae0000)]
  0x0000000061739800 JavaThread "Unconstrained build operations Thread 25" [_thread_blocked, id=2708, stack(0x000000006aa10000,0x000000006ab10000)]
  0x000000006173a000 JavaThread "Unconstrained build operations Thread 26" [_thread_blocked, id=2336, stack(0x000000006abc0000,0x000000006acc0000)]
  0x000000006173b000 JavaThread "Unconstrained build operations Thread 27" [_thread_blocked, id=4932, stack(0x000000006a150000,0x000000006a250000)]
  0x000000006173c000 JavaThread "Unconstrained build operations Thread 28" [_thread_blocked, id=4296, stack(0x000000006ad70000,0x000000006ae70000)]
  0x000000006173c800 JavaThread "Unconstrained build operations Thread 29" [_thread_blocked, id=520, stack(0x000000006afa0000,0x000000006b0a0000)]
  0x000000005f83a800 JavaThread "Unconstrained build operations Thread 30" [_thread_blocked, id=3036, stack(0x000000006b110000,0x000000006b210000)]
  0x000000005f83b000 JavaThread "Unconstrained build operations Thread 31" [_thread_blocked, id=2008, stack(0x000000006b280000,0x000000006b380000)]
  0x000000005f83c000 JavaThread "Unconstrained build operations Thread 32" [_thread_blocked, id=688, stack(0x000000006b470000,0x000000006b570000)]
  0x000000005f83d000 JavaThread "Unconstrained build operations Thread 33" [_thread_blocked, id=4868, stack(0x000000006b630000,0x000000006b730000)]
  0x000000005f83d800 JavaThread "Unconstrained build operations Thread 34" [_thread_blocked, id=4132, stack(0x000000006ae70000,0x000000006af70000)]
  0x000000005f83e800 JavaThread "Unconstrained build operations Thread 35" [_thread_blocked, id=836, stack(0x00000000695c0000,0x00000000696c0000)]
  0x000000005f83f000 JavaThread "Unconstrained build operations Thread 36" [_thread_blocked, id=356, stack(0x00000000697d0000,0x00000000698d0000)]
  0x000000005f840000 JavaThread "Unconstrained build operations Thread 37" [_thread_blocked, id=2728, stack(0x000000006e5a0000,0x000000006e6a0000)]
  0x000000005f841000 JavaThread "Unconstrained build operations Thread 38" [_thread_blocked, id=4436, stack(0x000000006e460000,0x000000006e560000)]
  0x000000006681d800 JavaThread "Unconstrained build operations Thread 39" [_thread_blocked, id=3672, stack(0x000000006e810000,0x000000006e910000)]
  0x000000006681e800 JavaThread "Unconstrained build operations Thread 40" [_thread_blocked, id=4288, stack(0x000000006a8d0000,0x000000006a9d0000)]
  0x0000000060c79000 JavaThread "build event listener" [_thread_blocked, id=3844, stack(0x0000000065370000,0x0000000065470000)]
  0x000000006681f800 JavaThread "pool-7-thread-1" [_thread_blocked, id=2912, stack(0x000000006e700000,0x000000006e800000)]
  0x0000000066820000 JavaThread "build event listener" [_thread_blocked, id=4484, stack(0x0000000065200000,0x0000000065300000)]
  0x0000000066821000 JavaThread "Execution worker for ':'" [_thread_blocked, id=3796, stack(0x0000000070680000,0x0000000070780000)]
  0x0000000066822000 JavaThread "Execution worker for ':' Thread 2" [_thread_blocked, id=3480, stack(0x00000000707d0000,0x00000000708d0000)]
  0x0000000066822800 JavaThread "Execution worker for ':' Thread 3" [_thread_blocked, id=1148, stack(0x0000000070cb0000,0x0000000070db0000)]
  0x0000000066823800 JavaThread "Cache worker for execution history cache (C:\Users\Admin\AndroidStudioProjects\chat\.gradle\7.2\executionHistory)" [_thread_blocked, id=1160, stack(0x0000000070ee0000,0x0000000070fe0000)]
  0x0000000066824800 JavaThread "WorkerExecutor Queue" [_thread_blocked, id=4992, stack(0x0000000071050000,0x0000000071150000)]
  0x0000000066dbc000 JavaThread "WorkerExecutor Queue Thread 2" [_thread_blocked, id=2464, stack(0x0000000071250000,0x0000000071350000)]

Other Threads:
=>0x000000005d89b000 VMThread "VM Thread" [stack: 0x000000001cb20000,0x000000001cc20000] [id=2644]
  0x000000005e5b0800 WatcherThread [stack: 0x000000005ea40000,0x000000005eb40000] [id=3980]
  0x00000000004da000 GCTaskThread "GC Thread#0" [stack: 0x0000000015280000,0x0000000015380000] [id=2568]
  0x000000005ee94800 GCTaskThread "GC Thread#1" [stack: 0x000000005e920000,0x000000005ea20000] [id=3868]
  0x000000005fd97800 GCTaskThread "GC Thread#2" [stack: 0x0000000061bf0000,0x0000000061cf0000] [id=4204]
  0x000000005fff1000 GCTaskThread "GC Thread#3" [stack: 0x0000000061d50000,0x0000000061e50000] [id=2128]
  0x000000000050b800 ConcurrentGCThread "G1 Main Marker" [stack: 0x000000001a3c0000,0x000000001a4c0000] [id=3656]
  0x000000000050c800 ConcurrentGCThread "G1 Conc#0" [stack: 0x000000001a5c0000,0x000000001a6c0000] [id=4560]
  0x000000001a4d0800 ConcurrentGCThread "G1 Refine#0" [stack: 0x000000001cc80000,0x000000001cd80000] [id=4084]
  0x000000000053a000 ConcurrentGCThread "G1 Young RemSet Sampling" [stack: 0x000000001ceb0000,0x000000001cfb0000] [id=340]

Threads with active compile tasks:
C2 CompilerThread0 632624 13188       4       com.android.ide.common.symbols.Symbol$AttributeSymbol::getResourceType (4 bytes)
C1 CompilerThread0 632624 13186       3       com.google.common.collect.MapMakerInternalMap$Segment::copyEntry (19 bytes)

VM state:at safepoint (normal execution)

VM Mutex/Monitor currently owned by a thread:  ([mutex/lock_event])
[0x00000000004bd040] Threads_lock - owner thread: 0x000000005d89b000
[0x00000000004bd820] Heap_lock - owner thread: 0x0000000066824800

Heap address: 0x0000000080000000, size: 2048 MB, Compressed Oops mode: 32-bit
Narrow klass base: 0x0000000000000000, Narrow klass shift: 0
Compressed class space size: 1073741824 Address: 0x000000001cfb0000

Heap:
 garbage-first heap   total 646144K, used 125677K [0x0000000080000000, 0x0000000100000000)
  region size 1024K, 2 young (2048K), 2 survivors (2048K)
 Metaspace       used 97359K, capacity 99609K, committed 99840K, reserved 1136640K
  class space    used 12170K, capacity 12990K, committed 13056K, reserved 1048576K
Heap Regions: E=young(eden), S=young(survivor), O=old, HS=humongous(starts), HC=humongous(continues), CS=collection set, F=free, A=archive, TAMS=top-at-mark-start (previous, next)
|   0|0x0000000080000000, 0x0000000080100000, 0x0000000080100000|100%| O|  |TAMS 0x0000000080100000, 0x0000000080000000| Untracked 
|   1|0x0000000080100000, 0x0000000080200000, 0x0000000080200000|100%| O|  |TAMS 0x0000000080200000, 0x0000000080100000| Untracked 
|   2|0x0000000080200000, 0x0000000080300000, 0x0000000080300000|100%| O|  |TAMS 0x0000000080300000, 0x0000000080200000| Untracked 
|   3|0x0000000080300000, 0x0000000080400000, 0x0000000080400000|100%|HS|  |TAMS 0x0000000080400000, 0x0000000080300000| Complete 
|   4|0x0000000080400000, 0x0000000080500000, 0x0000000080500000|100%|HC|  |TAMS 0x0000000080500000, 0x0000000080400000| Complete 
|   5|0x0000000080500000, 0x0000000080600000, 0x0000000080600000|100%|HC|  |TAMS 0x0000000080600000, 0x0000000080500000| Complete 
|   6|0x0000000080600000, 0x0000000080700000, 0x0000000080700000|100%| O|  |TAMS 0x0000000080700000, 0x0000000080600000| Untracked 
|   7|0x0000000080700000, 0x0000000080800000, 0x0000000080800000|100%| O|  |TAMS 0x0000000080800000, 0x0000000080700000| Untracked 
|   8|0x0000000080800000, 0x0000000080900000, 0x0000000080900000|100%| O|  |TAMS 0x0000000080900000, 0x0000000080800000| Untracked 
|   9|0x0000000080900000, 0x0000000080a00000, 0x0000000080a00000|100%| O|  |TAMS 0x0000000080a00000, 0x0000000080900000| Untracked 
|  10|0x0000000080a00000, 0x0000000080b00000, 0x0000000080b00000|100%| O|  |TAMS 0x0000000080b00000, 0x0000000080a00000| Untracked 
|  11|0x0000000080b00000, 0x0000000080c00000, 0x0000000080c00000|100%| O|  |TAMS 0x0000000080c00000, 0x0000000080b00000| Untracked 
|  12|0x0000000080c00000, 0x0000000080d00000, 0x0000000080d00000|100%| O|  |TAMS 0x0000000080d00000, 0x0000000080c00000| Untracked 
|  13|0x0000000080d00000, 0x0000000080e00000, 0x0000000080e00000|100%| O|  |TAMS 0x0000000080e00000, 0x0000000080d00000| Untracked 
|  14|0x0000000080e00000, 0x0000000080f00000, 0x0000000080f00000|100%| O|  |TAMS 0x0000000080f00000, 0x0000000080e00000| Untracked 
|  15|0x0000000080f00000, 0x0000000081000000, 0x0000000081000000|100%| O|  |TAMS 0x0000000081000000, 0x0000000080f00000| Untracked 
|  16|0x0000000081000000, 0x0000000081100000, 0x0000000081100000|100%| O|  |TAMS 0x0000000081100000, 0x0000000081000000| Untracked 
|  17|0x0000000081100000, 0x0000000081200000, 0x0000000081200000|100%| O|  |TAMS 0x0000000081200000, 0x0000000081100000| Untracked 
|  18|0x0000000081200000, 0x0000000081300000, 0x0000000081300000|100%| O|  |TAMS 0x0000000081300000, 0x0000000081200000| Untracked 
|  19|0x0000000081300000, 0x0000000081400000, 0x0000000081400000|100%| O|  |TAMS 0x0000000081400000, 0x0000000081300000| Untracked 
|  20|0x0000000081400000, 0x0000000081500000, 0x0000000081500000|100%| O|  |TAMS 0x0000000081500000, 0x0000000081400000| Untracked 
|  21|0x0000000081500000, 0x0000000081600000, 0x0000000081600000|100%| O|  |TAMS 0x0000000081600000, 0x0000000081500000| Untracked 
|  22|0x0000000081600000, 0x0000000081700000, 0x0000000081700000|100%| O|  |TAMS 0x0000000081700000, 0x0000000081600000| Untracked 
|  23|0x0000000081700000, 0x0000000081800000, 0x0000000081800000|100%| O|  |TAMS 0x0000000081800000, 0x0000000081700000| Untracked 
|  24|0x0000000081800000, 0x0000000081900000, 0x0000000081900000|100%| O|  |TAMS 0x0000000081900000, 0x0000000081800000| Untracked 
|  25|0x0000000081900000, 0x0000000081a00000, 0x0000000081a00000|100%| O|  |TAMS 0x0000000081a00000, 0x0000000081900000| Untracked 
|  26|0x0000000081a00000, 0x0000000081b00000, 0x0000000081b00000|100%| O|  |TAMS 0x0000000081b00000, 0x0000000081a00000| Untracked 
|  27|0x0000000081b00000, 0x0000000081c00000, 0x0000000081c00000|100%| O|  |TAMS 0x0000000081c00000, 0x0000000081b00000| Untracked 
|  28|0x0000000081c00000, 0x0000000081d00000, 0x0000000081d00000|100%| O|  |TAMS 0x0000000081d00000, 0x0000000081c00000| Untracked 
|  29|0x0000000081d00000, 0x0000000081e00000, 0x0000000081e00000|100%| O|  |TAMS 0x0000000081e00000, 0x0000000081d00000| Untracked 
|  30|0x0000000081e00000, 0x0000000081f00000, 0x0000000081f00000|100%| O|  |TAMS 0x0000000081f00000, 0x0000000081e00000| Untracked 
|  31|0x0000000081f00000, 0x0000000082000000, 0x0000000082000000|100%| O|  |TAMS 0x0000000082000000, 0x0000000081f00000| Untracked 
|  32|0x0000000082000000, 0x0000000082100000, 0x0000000082100000|100%|HS|  |TAMS 0x0000000082100000, 0x0000000082000000| Complete 
|  33|0x0000000082100000, 0x0000000082200000, 0x0000000082200000|100%|HS|  |TAMS 0x0000000082200000, 0x0000000082100000| Complete 
|  34|0x0000000082200000, 0x0000000082300000, 0x0000000082300000|100%|HS|  |TAMS 0x0000000082300000, 0x0000000082200000| Complete 
|  35|0x0000000082300000, 0x0000000082400000, 0x0000000082400000|100%| O|  |TAMS 0x0000000082400000, 0x0000000082300000| Untracked 
|  36|0x0000000082400000, 0x0000000082500000, 0x0000000082500000|100%| O|  |TAMS 0x0000000082500000, 0x0000000082400000| Untracked 
|  37|0x0000000082500000, 0x0000000082600000, 0x0000000082600000|100%| O|  |TAMS 0x0000000082600000, 0x0000000082500000| Untracked 
|  38|0x0000000082600000, 0x0000000082700000, 0x0000000082700000|100%| O|  |TAMS 0x0000000082700000, 0x0000000082600000| Untracked 
|  39|0x0000000082700000, 0x0000000082800000, 0x0000000082800000|100%|HS|  |TAMS 0x0000000082800000, 0x0000000082700000| Complete 
|  40|0x0000000082800000, 0x0000000082900000, 0x0000000082900000|100%|HC|  |TAMS 0x0000000082900000, 0x0000000082800000| Complete 
|  41|0x0000000082900000, 0x0000000082a00000, 0x0000000082a00000|100%| O|  |TAMS 0x0000000082a00000, 0x0000000082900000| Untracked 
|  42|0x0000000082a00000, 0x0000000082b00000, 0x0000000082b00000|100%| O|  |TAMS 0x0000000082b00000, 0x0000000082a00000| Untracked 
|  43|0x0000000082b00000, 0x0000000082c00000, 0x0000000082c00000|100%| O|  |TAMS 0x0000000082c00000, 0x0000000082b00000| Untracked 
|  44|0x0000000082c00000, 0x0000000082d00000, 0x0000000082d00000|100%| O|  |TAMS 0x0000000082d00000, 0x0000000082c00000| Untracked 
|  45|0x0000000082d00000, 0x0000000082e00000, 0x0000000082e00000|100%| O|  |TAMS 0x0000000082e00000, 0x0000000082d00000| Untracked 
|  46|0x0000000082e00000, 0x0000000082f00000, 0x0000000082f00000|100%| O|  |TAMS 0x0000000082f00000, 0x0000000082e00000| Untracked 
|  47|0x0000000082f00000, 0x0000000083000000, 0x0000000083000000|100%| O|  |TAMS 0x0000000083000000, 0x0000000082f00000| Untracked 
|  48|0x0000000083000000, 0x0000000083100000, 0x0000000083100000|100%| O|  |TAMS 0x0000000083100000, 0x0000000083000000| Untracked 
|  49|0x0000000083100000, 0x0000000083200000, 0x0000000083200000|100%| O|  |TAMS 0x0000000083200000, 0x0000000083100000| Untracked 
|  50|0x0000000083200000, 0x0000000083300000, 0x0000000083300000|100%| O|  |TAMS 0x0000000083300000, 0x0000000083200000| Untracked 
|  51|0x0000000083300000, 0x0000000083400000, 0x0000000083400000|100%| O|  |TAMS 0x0000000083400000, 0x0000000083300000| Untracked 
|  52|0x0000000083400000, 0x0000000083500000, 0x0000000083500000|100%| O|  |TAMS 0x0000000083500000, 0x0000000083400000| Untracked 
|  53|0x0000000083500000, 0x0000000083600000, 0x0000000083600000|100%| O|  |TAMS 0x0000000083600000, 0x0000000083500000| Untracked 
|  54|0x0000000083600000, 0x0000000083700000, 0x0000000083700000|100%| O|  |TAMS 0x0000000083700000, 0x0000000083600000| Untracked 
|  55|0x0000000083700000, 0x0000000083800000, 0x0000000083800000|100%| O|  |TAMS 0x0000000083800000, 0x0000000083700000| Untracked 
|  56|0x0000000083800000, 0x0000000083900000, 0x0000000083900000|100%| O|  |TAMS 0x0000000083900000, 0x0000000083800000| Untracked 
|  57|0x0000000083900000, 0x0000000083a00000, 0x0000000083a00000|100%| O|  |TAMS 0x0000000083a00000, 0x0000000083900000| Untracked 
|  58|0x0000000083a00000, 0x0000000083b00000, 0x0000000083b00000|100%| O|  |TAMS 0x0000000083b00000, 0x0000000083a00000| Untracked 
|  59|0x0000000083b00000, 0x0000000083c00000, 0x0000000083c00000|100%| O|  |TAMS 0x0000000083c00000, 0x0000000083b00000| Untracked 
|  60|0x0000000083c00000, 0x0000000083d00000, 0x0000000083d00000|100%| O|  |TAMS 0x0000000083d00000, 0x0000000083c00000| Untracked 
|  61|0x0000000083d00000, 0x0000000083e00000, 0x0000000083e00000|100%| O|  |TAMS 0x0000000083e00000, 0x0000000083d00000| Untracked 
|  62|0x0000000083e00000, 0x0000000083f00000, 0x0000000083f00000|100%| O|  |TAMS 0x0000000083f00000, 0x0000000083e00000| Untracked 
|  63|0x0000000083f00000, 0x0000000084000000, 0x0000000084000000|100%| O|  |TAMS 0x0000000084000000, 0x0000000083f00000| Untracked 
|  64|0x0000000084000000, 0x0000000084100000, 0x0000000084100000|100%| O|  |TAMS 0x0000000084100000, 0x0000000084000000| Untracked 
|  65|0x0000000084100000, 0x0000000084200000, 0x0000000084200000|100%| O|  |TAMS 0x0000000084200000, 0x0000000084100000| Untracked 
|  66|0x0000000084200000, 0x0000000084300000, 0x0000000084300000|100%| O|  |TAMS 0x0000000084300000, 0x0000000084200000| Untracked 
|  67|0x0000000084300000, 0x0000000084400000, 0x0000000084400000|100%| O|  |TAMS 0x0000000084400000, 0x0000000084300000| Untracked 
|  68|0x0000000084400000, 0x0000000084500000, 0x0000000084500000|100%| O|  |TAMS 0x0000000084500000, 0x0000000084400000| Untracked 
|  69|0x0000000084500000, 0x0000000084600000, 0x0000000084600000|100%| O|  |TAMS 0x0000000084600000, 0x0000000084500000| Untracked 
|  70|0x0000000084600000, 0x0000000084700000, 0x0000000084700000|100%| O|  |TAMS 0x0000000084700000, 0x0000000084600000| Untracked 
|  71|0x0000000084700000, 0x0000000084800000, 0x0000000084800000|100%| O|  |TAMS 0x0000000084700000, 0x0000000084700000| Untracked 
|  72|0x0000000084800000, 0x0000000084900000, 0x0000000084900000|100%| O|  |TAMS 0x0000000084800000, 0x0000000084800000| Untracked 
|  73|0x0000000084900000, 0x0000000084a00000, 0x0000000084a00000|100%| O|  |TAMS 0x0000000084900000, 0x0000000084900000| Untracked 
|  74|0x0000000084a00000, 0x0000000084b00000, 0x0000000084b00000|100%| O|  |TAMS 0x0000000084b00000, 0x0000000084a00000| Untracked 
|  75|0x0000000084b00000, 0x0000000084c00000, 0x0000000084c00000|100%| O|  |TAMS 0x0000000084c00000, 0x0000000084b00000| Untracked 
|  76|0x0000000084c00000, 0x0000000084d00000, 0x0000000084d00000|100%| O|  |TAMS 0x0000000084d00000, 0x0000000084c00000| Untracked 
|  77|0x0000000084d00000, 0x0000000084e00000, 0x0000000084e00000|100%| O|  |TAMS 0x0000000084d00000, 0x0000000084d00000| Untracked 
|  78|0x0000000084e00000, 0x0000000084f00000, 0x0000000084f00000|100%| O|  |TAMS 0x0000000084e00000, 0x0000000084e00000| Untracked 
|  79|0x0000000084f00000, 0x0000000085000000, 0x0000000085000000|100%| O|  |TAMS 0x0000000084f00000, 0x0000000084f00000| Untracked 
|  80|0x0000000085000000, 0x0000000085100000, 0x0000000085100000|100%| O|  |TAMS 0x0000000085000000, 0x0000000085000000| Untracked 
|  81|0x0000000085100000, 0x0000000085200000, 0x0000000085200000|100%| O|  |TAMS 0x0000000085100000, 0x0000000085100000| Untracked 
|  82|0x0000000085200000, 0x0000000085300000, 0x0000000085300000|100%| O|  |TAMS 0x0000000085200000, 0x0000000085200000| Untracked 
|  83|0x0000000085300000, 0x0000000085400000, 0x0000000085400000|100%| O|  |TAMS 0x0000000085300000, 0x0000000085300000| Untracked 
|  84|0x0000000085400000, 0x0000000085500000, 0x0000000085500000|100%| O|  |TAMS 0x0000000085500000, 0x0000000085400000| Untracked 
|  85|0x0000000085500000, 0x0000000085600000, 0x0000000085600000|100%| O|  |TAMS 0x0000000085500000, 0x0000000085500000| Untracked 
|  86|0x0000000085600000, 0x0000000085700000, 0x0000000085700000|100%| O|  |TAMS 0x0000000085600000, 0x0000000085600000| Untracked 
|  87|0x0000000085700000, 0x0000000085800000, 0x0000000085800000|100%| O|  |TAMS 0x0000000085800000, 0x0000000085700000| Untracked 
|  88|0x0000000085800000, 0x0000000085900000, 0x0000000085900000|100%| O|  |TAMS 0x0000000085900000, 0x0000000085800000| Untracked 
|  89|0x0000000085900000, 0x0000000085a00000, 0x0000000085a00000|100%| O|  |TAMS 0x0000000085900000, 0x0000000085900000| Untracked 
|  90|0x0000000085a00000, 0x0000000085b00000, 0x0000000085b00000|100%| O|  |TAMS 0x0000000085b00000, 0x0000000085a00000| Untracked 
|  91|0x0000000085b00000, 0x0000000085c00000, 0x0000000085c00000|100%| O|  |TAMS 0x0000000085c00000, 0x0000000085b00000| Untracked 
|  92|0x0000000085c00000, 0x0000000085d00000, 0x0000000085d00000|100%| O|  |TAMS 0x0000000085c00000, 0x0000000085c00000| Untracked 
|  93|0x0000000085d00000, 0x0000000085e00000, 0x0000000085e00000|100%| O|  |TAMS 0x0000000085d00000, 0x0000000085d00000| Untracked 
|  94|0x0000000085e00000, 0x0000000085f00000, 0x0000000085f00000|100%| O|  |TAMS 0x0000000085e00000, 0x0000000085e00000| Untracked 
|  95|0x0000000085f00000, 0x0000000086000000, 0x0000000086000000|100%| O|  |TAMS 0x0000000085f00000, 0x0000000085f00000| Untracked 
|  96|0x0000000086000000, 0x0000000086100000, 0x0000000086100000|100%|HS|  |TAMS 0x0000000086000000, 0x0000000086000000| Complete 
|  97|0x0000000086100000, 0x0000000086200000, 0x0000000086200000|100%|HC|  |TAMS 0x0000000086100000, 0x0000000086100000| Complete 
|  98|0x0000000086200000, 0x0000000086300000, 0x0000000086300000|100%| O|  |TAMS 0x0000000086200000, 0x0000000086200000| Untracked 
|  99|0x0000000086300000, 0x0000000086400000, 0x0000000086400000|100%| O|  |TAMS 0x0000000086300000, 0x0000000086300000| Untracked 
| 100|0x0000000086400000, 0x0000000086500000, 0x0000000086500000|100%| O|  |TAMS 0x0000000086400000, 0x0000000086400000| Untracked 
| 101|0x0000000086500000, 0x0000000086600000, 0x0000000086600000|100%| O|  |TAMS 0x0000000086500000, 0x0000000086500000| Untracked 
| 102|0x0000000086600000, 0x0000000086700000, 0x0000000086700000|100%| O|  |TAMS 0x0000000086600000, 0x0000000086600000| Untracked 
| 103|0x0000000086700000, 0x0000000086800000, 0x0000000086800000|100%| O|  |TAMS 0x0000000086700000, 0x0000000086700000| Untracked 
| 104|0x0000000086800000, 0x0000000086900000, 0x0000000086900000|100%| O|  |TAMS 0x0000000086800000, 0x0000000086800000| Untracked 
| 105|0x0000000086900000, 0x0000000086a00000, 0x0000000086a00000|100%| O|  |TAMS 0x0000000086900000, 0x0000000086900000| Untracked 
| 106|0x0000000086a00000, 0x0000000086b00000, 0x0000000086b00000|100%| O|  |TAMS 0x0000000086a00000, 0x0000000086a00000| Untracked 
| 107|0x0000000086b00000, 0x0000000086c00000, 0x0000000086c00000|100%| O|  |TAMS 0x0000000086b95400, 0x0000000086b00000| Untracked 
| 108|0x0000000086c00000, 0x0000000086d00000, 0x0000000086d00000|100%| O|  |TAMS 0x0000000086c00000, 0x0000000086c00000| Untracked 
| 109|0x0000000086d00000, 0x0000000086e00000, 0x0000000086e00000|100%| O|  |TAMS 0x0000000086d00000, 0x0000000086d00000| Untracked 
| 110|0x0000000086e00000, 0x0000000086f00000, 0x0000000086f00000|100%| O|  |TAMS 0x0000000086e00000, 0x0000000086e00000| Untracked 
| 111|0x0000000086f00000, 0x0000000087000000, 0x0000000087000000|100%| O|  |TAMS 0x0000000086f00000, 0x0000000086f00000| Untracked 
| 112|0x0000000087000000, 0x0000000087100000, 0x0000000087100000|100%| O|  |TAMS 0x0000000087000000, 0x0000000087000000| Untracked 
| 113|0x0000000087100000, 0x0000000087200000, 0x0000000087200000|100%| O|  |TAMS 0x0000000087100000, 0x0000000087100000| Untracked 
| 114|0x0000000087200000, 0x0000000087300000, 0x0000000087300000|100%| O|  |TAMS 0x0000000087200000, 0x0000000087200000| Untracked 
| 115|0x0000000087300000, 0x0000000087400000, 0x0000000087400000|100%| O|  |TAMS 0x0000000087300000, 0x0000000087300000| Untracked 
| 116|0x0000000087400000, 0x0000000087500000, 0x0000000087500000|100%| O|  |TAMS 0x0000000087400000, 0x0000000087400000| Untracked 
| 117|0x0000000087500000, 0x0000000087600000, 0x0000000087600000|100%| O|  |TAMS 0x0000000087500000, 0x0000000087500000| Untracked 
| 118|0x0000000087600000, 0x0000000087700000, 0x0000000087700000|100%| O|  |TAMS 0x0000000087600000, 0x0000000087600000| Untracked 
| 119|0x0000000087700000, 0x0000000087700000, 0x0000000087800000|  0%| F|  |TAMS 0x0000000087700000, 0x0000000087700000| Untracked 
| 120|0x0000000087800000, 0x0000000087800000, 0x0000000087900000|  0%| F|  |TAMS 0x0000000087800000, 0x0000000087800000| Untracked 
| 121|0x0000000087900000, 0x0000000087900000, 0x0000000087a00000|  0%| F|  |TAMS 0x0000000087900000, 0x0000000087900000| Untracked 
| 122|0x0000000087a00000, 0x0000000087a00000, 0x0000000087b00000|  0%| F|  |TAMS 0x0000000087a00000, 0x0000000087a00000| Untracked 
| 123|0x0000000087b00000, 0x0000000087b00000, 0x0000000087c00000|  0%| F|  |TAMS 0x0000000087b00000, 0x0000000087b00000| Untracked 
| 124|0x0000000087c00000, 0x0000000087c00000, 0x0000000087d00000|  0%| F|  |TAMS 0x0000000087c00000, 0x0000000087c00000| Untracked 
| 125|0x0000000087d00000, 0x0000000087d00000, 0x0000000087e00000|  0%| F|  |TAMS 0x0000000087d00000, 0x0000000087d00000| Untracked 
| 126|0x0000000087e00000, 0x0000000087e00000, 0x0000000087f00000|  0%| F|  |TAMS 0x0000000087e00000, 0x0000000087e00000| Untracked 
| 127|0x0000000087f00000, 0x0000000087f00000, 0x0000000088000000|  0%| F|  |TAMS 0x0000000087f00000, 0x0000000087f00000| Untracked 
| 128|0x0000000088000000, 0x0000000088000000, 0x0000000088100000|  0%| F|  |TAMS 0x0000000088000000, 0x0000000088000000| Untracked 
| 129|0x0000000088100000, 0x0000000088100000, 0x0000000088200000|  0%| F|  |TAMS 0x0000000088100000, 0x0000000088100000| Untracked 
| 130|0x0000000088200000, 0x0000000088200000, 0x0000000088300000|  0%| F|  |TAMS 0x0000000088200000, 0x0000000088200000| Untracked 
| 131|0x0000000088300000, 0x0000000088300000, 0x0000000088400000|  0%| F|  |TAMS 0x0000000088300000, 0x0000000088300000| Untracked 
| 132|0x0000000088400000, 0x0000000088400000, 0x0000000088500000|  0%| F|  |TAMS 0x0000000088400000, 0x0000000088400000| Untracked 
| 133|0x0000000088500000, 0x0000000088500000, 0x0000000088600000|  0%| F|  |TAMS 0x0000000088500000, 0x0000000088500000| Untracked 
| 134|0x0000000088600000, 0x0000000088700000, 0x0000000088700000|100%| O|  |TAMS 0x0000000088600000, 0x0000000088600000| Untracked 
| 135|0x0000000088700000, 0x0000000088800000, 0x0000000088800000|100%| O|  |TAMS 0x0000000088700000, 0x0000000088700000| Untracked 
| 136|0x0000000088800000, 0x0000000088829600, 0x0000000088900000| 16%| O|  |TAMS 0x0000000088800000, 0x0000000088800000| Untracked 
| 137|0x0000000088900000, 0x0000000088900000, 0x0000000088a00000|  0%| F|  |TAMS 0x0000000088900000, 0x0000000088900000| Untracked 
| 138|0x0000000088a00000, 0x0000000088a00000, 0x0000000088b00000|  0%| F|  |TAMS 0x0000000088a00000, 0x0000000088a00000| Untracked 
| 139|0x0000000088b00000, 0x0000000088b00000, 0x0000000088c00000|  0%| F|  |TAMS 0x0000000088b00000, 0x0000000088b00000| Untracked 
| 140|0x0000000088c00000, 0x0000000088c00000, 0x0000000088d00000|  0%| F|  |TAMS 0x0000000088c00000, 0x0000000088c00000| Untracked 
| 141|0x0000000088d00000, 0x0000000088d00000, 0x0000000088e00000|  0%| F|  |TAMS 0x0000000088d00000, 0x0000000088d00000| Untracked 
| 142|0x0000000088e00000, 0x0000000088e00000, 0x0000000088f00000|  0%| F|  |TAMS 0x0000000088e00000, 0x0000000088e00000| Untracked 
| 143|0x0000000088f00000, 0x0000000088f00000, 0x0000000089000000|  0%| F|  |TAMS 0x0000000088f00000, 0x0000000088f00000| Untracked 
| 144|0x0000000089000000, 0x0000000089000000, 0x0000000089100000|  0%| F|  |TAMS 0x0000000089000000, 0x0000000089000000| Untracked 
| 145|0x0000000089100000, 0x0000000089100000, 0x0000000089200000|  0%| F|  |TAMS 0x0000000089100000, 0x0000000089100000| Untracked 
| 146|0x0000000089200000, 0x0000000089200000, 0x0000000089300000|  0%| F|  |TAMS 0x0000000089200000, 0x0000000089200000| Untracked 
| 147|0x0000000089300000, 0x0000000089300000, 0x0000000089400000|  0%| F|  |TAMS 0x0000000089300000, 0x0000000089300000| Untracked 
| 148|0x0000000089400000, 0x0000000089400000, 0x0000000089500000|  0%| F|  |TAMS 0x0000000089400000, 0x0000000089400000| Untracked 
| 149|0x0000000089500000, 0x0000000089500000, 0x0000000089600000|  0%| F|  |TAMS 0x0000000089500000, 0x0000000089500000| Untracked 
| 150|0x0000000089600000, 0x0000000089600000, 0x0000000089700000|  0%| F|  |TAMS 0x0000000089600000, 0x0000000089600000| Untracked 
| 151|0x0000000089700000, 0x0000000089700000, 0x0000000089800000|  0%| F|  |TAMS 0x0000000089700000, 0x0000000089700000| Untracked 
| 152|0x0000000089800000, 0x0000000089800000, 0x0000000089900000|  0%| F|  |TAMS 0x0000000089800000, 0x0000000089800000| Untracked 
| 153|0x0000000089900000, 0x0000000089900000, 0x0000000089a00000|  0%| F|  |TAMS 0x0000000089900000, 0x0000000089900000| Untracked 
| 154|0x0000000089a00000, 0x0000000089a00000, 0x0000000089b00000|  0%| F|  |TAMS 0x0000000089a00000, 0x0000000089a00000| Untracked 
| 155|0x0000000089b00000, 0x0000000089b00000, 0x0000000089c00000|  0%| F|  |TAMS 0x0000000089b00000, 0x0000000089b00000| Untracked 
| 156|0x0000000089c00000, 0x0000000089c00000, 0x0000000089d00000|  0%| F|  |TAMS 0x0000000089c00000, 0x0000000089c00000| Untracked 
| 157|0x0000000089d00000, 0x0000000089d00000, 0x0000000089e00000|  0%| F|  |TAMS 0x0000000089d00000, 0x0000000089d00000| Untracked 
| 158|0x0000000089e00000, 0x0000000089e00000, 0x0000000089f00000|  0%| F|  |TAMS 0x0000000089e00000, 0x0000000089e00000| Untracked 
| 159|0x0000000089f00000, 0x0000000089f00000, 0x000000008a000000|  0%| F|  |TAMS 0x0000000089f00000, 0x0000000089f00000| Untracked 
| 160|0x000000008a000000, 0x000000008a000000, 0x000000008a100000|  0%| F|  |TAMS 0x000000008a000000, 0x000000008a000000| Untracked 
| 161|0x000000008a100000, 0x000000008a100000, 0x000000008a200000|  0%| F|  |TAMS 0x000000008a100000, 0x000000008a100000| Untracked 
| 162|0x000000008a200000, 0x000000008a200000, 0x000000008a300000|  0%| F|  |TAMS 0x000000008a200000, 0x000000008a200000| Untracked 
| 163|0x000000008a300000, 0x000000008a300000, 0x000000008a400000|  0%| F|  |TAMS 0x000000008a300000, 0x000000008a300000| Untracked 
| 164|0x000000008a400000, 0x000000008a400000, 0x000000008a500000|  0%| F|  |TAMS 0x000000008a400000, 0x000000008a400000| Untracked 
| 165|0x000000008a500000, 0x000000008a500000, 0x000000008a600000|  0%| F|  |TAMS 0x000000008a500000, 0x000000008a500000| Untracked 
| 166|0x000000008a600000, 0x000000008a600000, 0x000000008a700000|  0%| F|  |TAMS 0x000000008a600000, 0x000000008a600000| Untracked 
| 167|0x000000008a700000, 0x000000008a700000, 0x000000008a800000|  0%| F|  |TAMS 0x000000008a700000, 0x000000008a700000| Untracked 
| 168|0x000000008a800000, 0x000000008a800000, 0x000000008a900000|  0%| F|  |TAMS 0x000000008a800000, 0x000000008a800000| Untracked 
| 169|0x000000008a900000, 0x000000008a900000, 0x000000008aa00000|  0%| F|  |TAMS 0x000000008a900000, 0x000000008a900000| Untracked 
| 170|0x000000008aa00000, 0x000000008aa00000, 0x000000008ab00000|  0%| F|  |TAMS 0x000000008aa00000, 0x000000008aa00000| Untracked 
| 171|0x000000008ab00000, 0x000000008ab00000, 0x000000008ac00000|  0%| F|  |TAMS 0x000000008ab00000, 0x000000008ab00000| Untracked 
| 172|0x000000008ac00000, 0x000000008ac00000, 0x000000008ad00000|  0%| F|  |TAMS 0x000000008ac00000, 0x000000008ac00000| Untracked 
| 173|0x000000008ad00000, 0x000000008ad00000, 0x000000008ae00000|  0%| F|  |TAMS 0x000000008ad00000, 0x000000008ad00000| Untracked 
| 174|0x000000008ae00000, 0x000000008ae00000, 0x000000008af00000|  0%| F|  |TAMS 0x000000008ae00000, 0x000000008ae00000| Untracked 
| 175|0x000000008af00000, 0x000000008af00000, 0x000000008b000000|  0%| F|  |TAMS 0x000000008af00000, 0x000000008af00000| Untracked 
| 176|0x000000008b000000, 0x000000008b000000, 0x000000008b100000|  0%| F|  |TAMS 0x000000008b000000, 0x000000008b000000| Untracked 
| 177|0x000000008b100000, 0x000000008b100000, 0x000000008b200000|  0%| F|  |TAMS 0x000000008b100000, 0x000000008b100000| Untracked 
| 178|0x000000008b200000, 0x000000008b200000, 0x000000008b300000|  0%| F|  |TAMS 0x000000008b200000, 0x000000008b200000| Untracked 
| 179|0x000000008b300000, 0x000000008b300000, 0x000000008b400000|  0%| F|  |TAMS 0x000000008b300000, 0x000000008b300000| Untracked 
| 180|0x000000008b400000, 0x000000008b400000, 0x000000008b500000|  0%| F|  |TAMS 0x000000008b400000, 0x000000008b400000| Untracked 
| 181|0x000000008b500000, 0x000000008b500000, 0x000000008b600000|  0%| F|  |TAMS 0x000000008b500000, 0x000000008b500000| Untracked 
| 182|0x000000008b600000, 0x000000008b600000, 0x000000008b700000|  0%| F|  |TAMS 0x000000008b600000, 0x000000008b600000| Untracked 
| 183|0x000000008b700000, 0x000000008b700000, 0x000000008b800000|  0%| F|  |TAMS 0x000000008b700000, 0x000000008b700000| Untracked 
| 184|0x000000008b800000, 0x000000008b800000, 0x000000008b900000|  0%| F|  |TAMS 0x000000008b800000, 0x000000008b800000| Untracked 
| 185|0x000000008b900000, 0x000000008b900000, 0x000000008ba00000|  0%| F|  |TAMS 0x000000008b900000, 0x000000008b900000| Untracked 
| 186|0x000000008ba00000, 0x000000008ba00000, 0x000000008bb00000|  0%| F|  |TAMS 0x000000008ba00000, 0x000000008ba00000| Untracked 
| 187|0x000000008bb00000, 0x000000008bb00000, 0x000000008bc00000|  0%| F|  |TAMS 0x000000008bb00000, 0x000000008bb00000| Untracked 
| 188|0x000000008bc00000, 0x000000008bc00000, 0x000000008bd00000|  0%| F|  |TAMS 0x000000008bc00000, 0x000000008bc00000| Untracked 
| 189|0x000000008bd00000, 0x000000008bd00000, 0x000000008be00000|  0%| F|  |TAMS 0x000000008bd00000, 0x000000008bd00000| Untracked 
| 190|0x000000008be00000, 0x000000008be00000, 0x000000008bf00000|  0%| F|  |TAMS 0x000000008be00000, 0x000000008be00000| Untracked 
| 191|0x000000008bf00000, 0x000000008bf00000, 0x000000008c000000|  0%| F|  |TAMS 0x000000008bf00000, 0x000000008bf00000| Untracked 
| 192|0x000000008c000000, 0x000000008c000000, 0x000000008c100000|  0%| F|  |TAMS 0x000000008c000000, 0x000000008c000000| Untracked 
| 193|0x000000008c100000, 0x000000008c100000, 0x000000008c200000|  0%| F|  |TAMS 0x000000008c100000, 0x000000008c100000| Untracked 
| 194|0x000000008c200000, 0x000000008c200000, 0x000000008c300000|  0%| F|  |TAMS 0x000000008c200000, 0x000000008c200000| Untracked 
| 195|0x000000008c300000, 0x000000008c300000, 0x000000008c400000|  0%| F|  |TAMS 0x000000008c300000, 0x000000008c300000| Untracked 
| 196|0x000000008c400000, 0x000000008c400000, 0x000000008c500000|  0%| F|  |TAMS 0x000000008c400000, 0x000000008c400000| Untracked 
| 197|0x000000008c500000, 0x000000008c500000, 0x000000008c600000|  0%| F|  |TAMS 0x000000008c500000, 0x000000008c500000| Untracked 
| 198|0x000000008c600000, 0x000000008c600000, 0x000000008c700000|  0%| F|  |TAMS 0x000000008c600000, 0x000000008c600000| Untracked 
| 199|0x000000008c700000, 0x000000008c700000, 0x000000008c800000|  0%| F|  |TAMS 0x000000008c700000, 0x000000008c700000| Untracked 
| 200|0x000000008c800000, 0x000000008c800000, 0x000000008c900000|  0%| F|  |TAMS 0x000000008c800000, 0x000000008c800000| Untracked 
| 201|0x000000008c900000, 0x000000008c900000, 0x000000008ca00000|  0%| F|  |TAMS 0x000000008c900000, 0x000000008c900000| Untracked 
| 202|0x000000008ca00000, 0x000000008ca00000, 0x000000008cb00000|  0%| F|  |TAMS 0x000000008ca00000, 0x000000008ca00000| Untracked 
| 203|0x000000008cb00000, 0x000000008cb00000, 0x000000008cc00000|  0%| F|  |TAMS 0x000000008cb00000, 0x000000008cb00000| Untracked 
| 204|0x000000008cc00000, 0x000000008cc00000, 0x000000008cd00000|  0%| F|  |TAMS 0x000000008cc00000, 0x000000008cc00000| Untracked 
| 205|0x000000008cd00000, 0x000000008cd00000, 0x000000008ce00000|  0%| F|  |TAMS 0x000000008cd00000, 0x000000008cd00000| Untracked 
| 206|0x000000008ce00000, 0x000000008ce00000, 0x000000008cf00000|  0%| F|  |TAMS 0x000000008ce00000, 0x000000008ce00000| Untracked 
| 207|0x000000008cf00000, 0x000000008cf00000, 0x000000008d000000|  0%| F|  |TAMS 0x000000008cf00000, 0x000000008cf00000| Untracked 
| 208|0x000000008d000000, 0x000000008d000000, 0x000000008d100000|  0%| F|  |TAMS 0x000000008d000000, 0x000000008d000000| Untracked 
| 209|0x000000008d100000, 0x000000008d100000, 0x000000008d200000|  0%| F|  |TAMS 0x000000008d100000, 0x000000008d100000| Untracked 
| 210|0x000000008d200000, 0x000000008d200000, 0x000000008d300000|  0%| F|  |TAMS 0x000000008d200000, 0x000000008d200000| Untracked 
| 211|0x000000008d300000, 0x000000008d300000, 0x000000008d400000|  0%| F|  |TAMS 0x000000008d300000, 0x000000008d300000| Untracked 
| 212|0x000000008d400000, 0x000000008d400000, 0x000000008d500000|  0%| F|  |TAMS 0x000000008d400000, 0x000000008d400000| Untracked 
| 213|0x000000008d500000, 0x000000008d500000, 0x000000008d600000|  0%| F|  |TAMS 0x000000008d500000, 0x000000008d500000| Untracked 
| 214|0x000000008d600000, 0x000000008d600000, 0x000000008d700000|  0%| F|  |TAMS 0x000000008d600000, 0x000000008d600000| Untracked 
| 215|0x000000008d700000, 0x000000008d700000, 0x000000008d800000|  0%| F|  |TAMS 0x000000008d700000, 0x000000008d700000| Untracked 
| 216|0x000000008d800000, 0x000000008d800000, 0x000000008d900000|  0%| F|  |TAMS 0x000000008d800000, 0x000000008d800000| Untracked 
| 217|0x000000008d900000, 0x000000008d900000, 0x000000008da00000|  0%| F|  |TAMS 0x000000008d900000, 0x000000008d900000| Untracked 
| 218|0x000000008da00000, 0x000000008da00000, 0x000000008db00000|  0%| F|  |TAMS 0x000000008da00000, 0x000000008da00000| Untracked 
| 219|0x000000008db00000, 0x000000008db00000, 0x000000008dc00000|  0%| F|  |TAMS 0x000000008db00000, 0x000000008db00000| Untracked 
| 220|0x000000008dc00000, 0x000000008dc00000, 0x000000008dd00000|  0%| F|  |TAMS 0x000000008dc00000, 0x000000008dc00000| Untracked 
| 221|0x000000008dd00000, 0x000000008dd00000, 0x000000008de00000|  0%| F|  |TAMS 0x000000008dd00000, 0x000000008dd00000| Untracked 
| 222|0x000000008de00000, 0x000000008de00000, 0x000000008df00000|  0%| F|  |TAMS 0x000000008de00000, 0x000000008de00000| Untracked 
| 223|0x000000008df00000, 0x000000008df00000, 0x000000008e000000|  0%| F|  |TAMS 0x000000008df00000, 0x000000008df00000| Untracked 
| 224|0x000000008e000000, 0x000000008e000000, 0x000000008e100000|  0%| F|  |TAMS 0x000000008e000000, 0x000000008e000000| Untracked 
| 225|0x000000008e100000, 0x000000008e100000, 0x000000008e200000|  0%| F|  |TAMS 0x000000008e100000, 0x000000008e100000| Untracked 
| 226|0x000000008e200000, 0x000000008e2921c8, 0x000000008e300000| 57%| S|CS|TAMS 0x000000008e200000, 0x000000008e200000| Complete 
| 227|0x000000008e300000, 0x000000008e400000, 0x000000008e400000|100%| S|CS|TAMS 0x000000008e300000, 0x000000008e300000| Complete 
| 228|0x000000008e400000, 0x000000008e400000, 0x000000008e500000|  0%| F|  |TAMS 0x000000008e400000, 0x000000008e400000| Untracked 
| 229|0x000000008e500000, 0x000000008e500000, 0x000000008e600000|  0%| F|  |TAMS 0x000000008e500000, 0x000000008e500000| Untracked 
| 230|0x000000008e600000, 0x000000008e600000, 0x000000008e700000|  0%| F|  |TAMS 0x000000008e600000, 0x000000008e600000| Untracked 
| 231|0x000000008e700000, 0x000000008e700000, 0x000000008e800000|  0%| F|  |TAMS 0x000000008e700000, 0x000000008e700000| Untracked 
| 232|0x000000008e800000, 0x000000008e800000, 0x000000008e900000|  0%| F|  |TAMS 0x000000008e800000, 0x000000008e800000| Untracked 
| 233|0x000000008e900000, 0x000000008e900000, 0x000000008ea00000|  0%| F|  |TAMS 0x000000008e900000, 0x000000008e900000| Untracked 
| 234|0x000000008ea00000, 0x000000008ea00000, 0x000000008eb00000|  0%| F|  |TAMS 0x000000008ea00000, 0x000000008ea00000| Untracked 
| 235|0x000000008eb00000, 0x000000008eb00000, 0x000000008ec00000|  0%| F|  |TAMS 0x000000008eb00000, 0x000000008eb00000| Untracked 
| 236|0x000000008ec00000, 0x000000008ec00000, 0x000000008ed00000|  0%| F|  |TAMS 0x000000008ec00000, 0x000000008ec00000| Untracked 

Card table byte_map: [0x0000000015bc0000,0x0000000015fc0000] _byte_map_base: 0x00000000157c0000

Marking Bits (Prev, Next): (CMBitMap*) 0x00000000005029a0, (CMBitMap*) 0x0000000000502968
 Prev Bits: [0x00000000183c0000, 0x000000001a3c0000)
 Next Bits: [0x00000000163c0000, 0x00000000183c0000)

Polling page: 0x0000000000140000

Metaspace:

Usage:
  Non-class:     84.59 MB capacity,    83.19 MB ( 98%) used,     1.13 MB (  1%) free+waste,   269.44 KB ( <1%) overhead. 
      Class:     12.69 MB capacity,    11.89 MB ( 94%) used,   701.37 KB (  5%) free+waste,   118.38 KB ( <1%) overhead. 
       Both:     97.27 MB capacity,    95.08 MB ( 98%) used,     1.82 MB (  2%) free+waste,   387.81 KB ( <1%) overhead. 

Virtual space:
  Non-class space:       86.00 MB reserved,      84.75 MB ( 99%) committed 
      Class space:        1.00 GB reserved,      12.75 MB (  1%) committed 
             Both:        1.08 GB reserved,      97.50 MB (  9%) committed 

Chunk freelists:
   Non-Class:  37.00 KB
       Class:  2.00 KB
        Both:  39.00 KB

MaxMetaspaceSize: 17179869184.00 GB
CompressedClassSpaceSize: 1.00 GB

CodeHeap 'non-profiled nmethods': size=120064Kb used=8979Kb max_used=8979Kb free=111084Kb
 bounds [0x000000000dbd0000, 0x000000000e4a0000, 0x0000000015110000]
CodeHeap 'profiled nmethods': size=120000Kb used=28165Kb max_used=28165Kb free=91834Kb
 bounds [0x00000000066a0000, 0x0000000008230000, 0x000000000dbd0000]
CodeHeap 'non-nmethods': size=5696Kb used=2298Kb max_used=2347Kb free=3397Kb
 bounds [0x0000000006110000, 0x0000000006380000, 0x00000000066a0000]
 total_blobs=13906 nmethods=12998 adapters=819
 compilation: enabled
              stopped_count=0, restarted_count=0
 full_count=0

Compilation events (20 events):
Event: 625.656 Thread 0x000000005d8c2800 13180       3       java.net.URI::getPath (31 bytes)
Event: 625.676 Thread 0x000000005d8c2800 nmethod 13180 0x000000000821ba90 code [0x000000000821bc60, 0x000000000821bec8]
Event: 625.676 Thread 0x000000005d8c2800 13177       3       org.gradle.api.internal.provider.AbstractProperty::implicitFinalizeValue (15 bytes)
Event: 625.676 Thread 0x000000005d8c2800 nmethod 13177 0x000000000821bf90 code [0x000000000821c160, 0x000000000821c3d8]
Event: 625.676 Thread 0x000000005d8c2800 13174   !   3       org.gradle.api.internal.tasks.properties.InputParameterUtils::prepareInputParameterValue (29 bytes)
Event: 625.684 Thread 0x000000005d8c2800 nmethod 13174 0x000000000821c510 code [0x000000000821c760, 0x000000000821d0c8]
Event: 625.684 Thread 0x000000005d8c2800 13175       1       org.gradle.api.internal.tasks.execution.DefaultTaskExecutionContext::getTaskExecutionMode (5 bytes)
Event: 625.703 Thread 0x000000005d8c2800 nmethod 13175 0x000000000e494b10 code [0x000000000e494cc0, 0x000000000e494d78]
Event: 625.737 Thread 0x000000005d8c2800 13181       3       org.gradle.api.internal.tasks.properties.DefaultPropertyWalker::visitProperties (64 bytes)
Event: 625.738 Thread 0x000000005d8c2800 nmethod 13181 0x000000000821d410 code [0x000000000821d6e0, 0x000000000821e758]
Event: 625.738 Thread 0x000000005d8c2800 13182       3       org.gradle.api.internal.tasks.properties.bean.RuntimeBeanNodeFactory::createRoot (22 bytes)
Event: 625.739 Thread 0x000000005d8c2800 nmethod 13182 0x000000000821ed10 code [0x000000000821ef40, 0x000000000821f6d8]
Event: 625.763 Thread 0x000000005d8c2800 13183       3       org.gradle.tooling.internal.provider.runner.OperationDependenciesResolver$$Lambda$784/0x000000001da90040::apply (12 bytes)
Event: 625.764 Thread 0x000000005d8c2800 nmethod 13183 0x000000000821f990 code [0x000000000821fb60, 0x000000000821fd68]
Event: 625.764 Thread 0x000000005d8c2800 13184       3       org.gradle.tooling.internal.provider.runner.OperationDependenciesResolver::lookupExistingOperationDescriptor (43 bytes)
Event: 625.819 Thread 0x000000005d8c2800 nmethod 13184 0x000000000821fe90 code [0x0000000008220100, 0x0000000008220cf8]
Event: 625.819 Thread 0x000000005d8c2800 13185       3       org.gradle.tooling.internal.provider.runner.OperationDependenciesResolver$$Lambda$785/0x000000001da90440::test (8 bytes)
Event: 625.819 Thread 0x000000005d8c2800 nmethod 13185 0x0000000008221090 code [0x0000000008221260, 0x0000000008221518]
Event: 625.882 Thread 0x000000005d8c2800 13186       3       com.google.common.collect.MapMakerInternalMap$Segment::copyEntry (19 bytes)
Event: 625.899 Thread 0x000000005d8c1000 13188       4       com.android.ide.common.symbols.Symbol$AttributeSymbol::getResourceType (4 bytes)

GC Heap History (20 events):
Event: 533.897 GC heap after
{Heap after GC invocations=318 (full 0):
 garbage-first heap   total 152576K, used 98067K [0x0000000080000000, 0x0000000100000000)
  region size 1024K, 1 young (1024K), 1 survivors (1024K)
 Metaspace       used 97048K, capacity 99351K, committed 99584K, reserved 1136640K
  class space    used 12160K, capacity 12979K, committed 13056K, reserved 1048576K
}
Event: 540.518 GC heap before
{Heap before GC invocations=318 (full 0):
 garbage-first heap   total 152576K, used 103187K [0x0000000080000000, 0x0000000100000000)
  region size 1024K, 7 young (7168K), 1 survivors (1024K)
 Metaspace       used 97183K, capacity 99383K, committed 99584K, reserved 1136640K
  class space    used 12163K, capacity 12985K, committed 13056K, reserved 1048576K
}
Event: 540.641 GC heap after
{Heap after GC invocations=319 (full 0):
 garbage-first heap   total 152576K, used 99271K [0x0000000080000000, 0x0000000100000000)
  region size 1024K, 1 young (1024K), 1 survivors (1024K)
 Metaspace       used 97183K, capacity 99383K, committed 99584K, reserved 1136640K
  class space    used 12163K, capacity 12985K, committed 13056K, reserved 1048576K
}
Event: 549.361 GC heap before
{Heap before GC invocations=319 (full 0):
 garbage-first heap   total 152576K, used 105415K [0x0000000080000000, 0x0000000100000000)
  region size 1024K, 7 young (7168K), 1 survivors (1024K)
 Metaspace       used 97208K, capacity 99452K, committed 99584K, reserved 1136640K
  class space    used 12163K, capacity 12985K, committed 13056K, reserved 1048576K
}
Event: 549.522 GC heap after
{Heap after GC invocations=320 (full 0):
 garbage-first heap   total 152576K, used 99619K [0x0000000080000000, 0x0000000100000000)
  region size 1024K, 1 young (1024K), 1 survivors (1024K)
 Metaspace       used 97208K, capacity 99452K, committed 99584K, reserved 1136640K
  class space    used 12163K, capacity 12985K, committed 13056K, reserved 1048576K
}
Event: 563.598 GC heap before
{Heap before GC invocations=320 (full 0):
 garbage-first heap   total 152576K, used 106787K [0x0000000080000000, 0x0000000100000000)
  region size 1024K, 7 young (7168K), 1 survivors (1024K)
 Metaspace       used 97236K, capacity 99466K, committed 99584K, reserved 1136640K
  class space    used 12164K, capacity 12987K, committed 13056K, reserved 1048576K
}
Event: 564.286 GC heap after
{Heap after GC invocations=321 (full 0):
 garbage-first heap   total 152576K, used 104486K [0x0000000080000000, 0x0000000100000000)
  region size 1024K, 1 young (1024K), 1 survivors (1024K)
 Metaspace       used 97236K, capacity 99466K, committed 99584K, reserved 1136640K
  class space    used 12164K, capacity 12987K, committed 13056K, reserved 1048576K
}
Event: 569.068 GC heap before
{Heap before GC invocations=321 (full 0):
 garbage-first heap   total 152576K, used 109606K [0x0000000080000000, 0x0000000100000000)
  region size 1024K, 7 young (7168K), 1 survivors (1024K)
 Metaspace       used 97238K, capacity 99466K, committed 99584K, reserved 1136640K
  class space    used 12164K, capacity 12987K, committed 13056K, reserved 1048576K
}
Event: 570.606 GC heap after
{Heap after GC invocations=322 (full 0):
 garbage-first heap   total 242688K, used 109817K [0x0000000080000000, 0x0000000100000000)
  region size 1024K, 1 young (1024K), 1 survivors (1024K)
 Metaspace       used 97238K, capacity 99466K, committed 99584K, reserved 1136640K
  class space    used 12164K, capacity 12987K, committed 13056K, reserved 1048576K
}
Event: 572.041 GC heap before
{Heap before GC invocations=322 (full 0):
 garbage-first heap   total 242688K, used 120057K [0x0000000080000000, 0x0000000100000000)
  region size 1024K, 11 young (11264K), 1 survivors (1024K)
 Metaspace       used 97243K, capacity 99466K, committed 99584K, reserved 1136640K
  class space    used 12164K, capacity 12987K, committed 13056K, reserved 1048576K
}
Event: 572.960 GC heap after
{Heap after GC invocations=323 (full 0):
 garbage-first heap   total 242688K, used 115216K [0x0000000080000000, 0x0000000100000000)
  region size 1024K, 2 young (2048K), 2 survivors (2048K)
 Metaspace       used 97243K, capacity 99466K, committed 99584K, reserved 1136640K
  class space    used 12164K, capacity 12987K, committed 13056K, reserved 1048576K
}
Event: 581.275 GC heap before
{Heap before GC invocations=323 (full 0):
 garbage-first heap   total 242688K, used 124432K [0x0000000080000000, 0x0000000100000000)
  region size 1024K, 11 young (11264K), 2 survivors (2048K)
 Metaspace       used 97261K, capacity 99469K, committed 99584K, reserved 1136640K
  class space    used 12166K, capacity 12988K, committed 13056K, reserved 1048576K
}
Event: 581.331 GC heap after
{Heap after GC invocations=324 (full 0):
 garbage-first heap   total 242688K, used 116825K [0x0000000080000000, 0x0000000100000000)
  region size 1024K, 2 young (2048K), 2 survivors (2048K)
 Metaspace       used 97261K, capacity 99469K, committed 99584K, reserved 1136640K
  class space    used 12166K, capacity 12988K, committed 13056K, reserved 1048576K
}
Event: 581.976 GC heap before
{Heap before GC invocations=324 (full 0):
 garbage-first heap   total 242688K, used 126041K [0x0000000080000000, 0x0000000100000000)
  region size 1024K, 11 young (11264K), 2 survivors (2048K)
 Metaspace       used 97272K, capacity 99533K, committed 99840K, reserved 1136640K
  class space    used 12166K, capacity 12988K, committed 13056K, reserved 1048576K
}
Event: 581.981 GC heap after
{Heap after GC invocations=325 (full 0):
 garbage-first heap   total 242688K, used 117670K [0x0000000080000000, 0x0000000100000000)
  region size 1024K, 2 young (2048K), 2 survivors (2048K)
 Metaspace       used 97272K, capacity 99533K, committed 99840K, reserved 1136640K
  class space    used 12166K, capacity 12988K, committed 13056K, reserved 1048576K
}
Event: 586.918 GC heap before
{Heap before GC invocations=325 (full 0):
 garbage-first heap   total 242688K, used 125862K [0x0000000080000000, 0x0000000100000000)
  region size 1024K, 11 young (11264K), 2 survivors (2048K)
 Metaspace       used 97300K, capacity 99537K, committed 99840K, reserved 1136640K
  class space    used 12168K, capacity 12989K, committed 13056K, reserved 1048576K
}
Event: 587.390 GC heap after
{Heap after GC invocations=326 (full 0):
 garbage-first heap   total 242688K, used 118112K [0x0000000080000000, 0x0000000100000000)
  region size 1024K, 1 young (1024K), 1 survivors (1024K)
 Metaspace       used 97300K, capacity 99537K, committed 99840K, reserved 1136640K
  class space    used 12168K, capacity 12989K, committed 13056K, reserved 1048576K
}
Event: 592.031 GC heap before
{Heap before GC invocations=326 (full 0):
 garbage-first heap   total 242688K, used 128352K [0x0000000080000000, 0x0000000100000000)
  region size 1024K, 11 young (11264K), 1 survivors (1024K)
 Metaspace       used 97306K, capacity 99601K, committed 99840K, reserved 1136640K
  class space    used 12168K, capacity 12989K, committed 13056K, reserved 1048576K
}
Event: 597.629 GC heap after
{Heap after GC invocations=327 (full 0):
 garbage-first heap   total 242688K, used 123722K [0x0000000080000000, 0x0000000100000000)
  region size 1024K, 2 young (2048K), 2 survivors (2048K)
 Metaspace       used 97306K, capacity 99601K, committed 99840K, reserved 1136640K
  class space    used 12168K, capacity 12989K, committed 13056K, reserved 1048576K
}
Event: 625.949 GC heap before
{Heap before GC invocations=327 (full 0):
 garbage-first heap   total 242688K, used 147274K [0x0000000080000000, 0x0000000100000000)
  region size 1024K, 11 young (11264K), 2 survivors (2048K)
 Metaspace       used 97359K, capacity 99609K, committed 99840K, reserved 1136640K
  class space    used 12170K, capacity 12990K, committed 13056K, reserved 1048576K
}

Deoptimization events (20 events):
Event: 597.901 Thread 0x0000000066821000 Uncommon trap: trap_request=0xffffff4d fr.pc=0x000000000e46c6e0 relative=0x0000000000000300
Event: 597.901 Thread 0x0000000066821000 Uncommon trap: reason=unstable_if action=reinterpret pc=0x000000000e46c6e0 method=org.apache.xerces.dom.CharacterDataImpl.getNodeValue()Ljava/lang/String; @ 4 c2
Event: 597.901 Thread 0x0000000066821000 DEOPT PACKING pc=0x000000000e46c6e0 sp=0x0000000070779b60
Event: 597.901 Thread 0x0000000066821000 DEOPT UNPACKING pc=0x000000000613642f sp=0x0000000070779b28 mode 2
Event: 600.099 Thread 0x0000000066821000 Uncommon trap: trap_request=0xffffff4d fr.pc=0x000000000e4759bc relative=0x000000000000597c
Event: 600.099 Thread 0x0000000066821000 Uncommon trap: reason=unstable_if action=reinterpret pc=0x000000000e4759bc method=java.lang.String.lastIndexOf(II)I @ 4 c2
Event: 600.099 Thread 0x0000000066821000 DEOPT PACKING pc=0x000000000e4759bc sp=0x0000000070779e00
Event: 600.099 Thread 0x0000000066821000 DEOPT UNPACKING pc=0x000000000613642f sp=0x0000000070779ca0 mode 2
Event: 600.100 Thread 0x0000000066821000 DEOPT PACKING pc=0x0000000007b46758 sp=0x0000000070779d50
Event: 600.100 Thread 0x0000000066821000 DEOPT UNPACKING pc=0x0000000006136bde sp=0x0000000070779288 mode 0
Event: 600.103 Thread 0x0000000066821000 DEOPT PACKING pc=0x0000000007b46758 sp=0x0000000070779d50
Event: 600.103 Thread 0x0000000066821000 DEOPT UNPACKING pc=0x0000000006136bde sp=0x0000000070779288 mode 0
Event: 623.423 Thread 0x0000000066821000 Uncommon trap: trap_request=0xffffff4d fr.pc=0x000000000e2a7328 relative=0x00000000000006c8
Event: 623.423 Thread 0x0000000066821000 Uncommon trap: reason=unstable_if action=reinterpret pc=0x000000000e2a7328 method=java.util.concurrent.ArrayBlockingQueue.enqueue(Ljava/lang/Object;)V @ 25 c2
Event: 623.423 Thread 0x0000000066821000 DEOPT PACKING pc=0x000000000e2a7328 sp=0x000000007077adf0
Event: 623.423 Thread 0x0000000066821000 DEOPT UNPACKING pc=0x000000000613642f sp=0x000000007077add0 mode 2
Event: 624.315 Thread 0x0000000061546000 Uncommon trap: trap_request=0xffffffde fr.pc=0x000000000e246bfc relative=0x0000000000003cfc
Event: 624.315 Thread 0x0000000061546000 Uncommon trap: reason=class_check action=maybe_recompile pc=0x000000000e246bfc method=org.gradle.internal.snapshot.impl.DefaultValueSnapshotter.processValue(Ljava/lang/Object;Lorg/gradle/internal/snapshot/impl/DefaultValueSnapshotter$ValueVisitor;)Ljava/l
Event: 624.315 Thread 0x0000000061546000 DEOPT PACKING pc=0x000000000e246bfc sp=0x0000000064f07080
Event: 624.315 Thread 0x0000000061546000 DEOPT UNPACKING pc=0x000000000613642f sp=0x0000000064f07078 mode 2

Classes redefined (0 events):
No events

Internal exceptions (20 events):
Event: 336.005 Thread 0x000000005f330800 Implicit null exception at 0x000000000e2c0e2f to 0x000000000e2c0e7c
Event: 338.426 Thread 0x000000005e745800 Exception <a 'java/lang/NoSuchMethodError'{0x00000000889226f0}: <clinit>> (0x00000000889226f0) thrown at [./src/hotspot/share/prims/jni.cpp, line 1362]
Event: 338.428 Thread 0x000000005e745800 Exception <a 'java/lang/NoSuchMethodError'{0x00000000889360d0}: <clinit>> (0x00000000889360d0) thrown at [./src/hotspot/share/prims/jni.cpp, line 1362]
Event: 338.428 Thread 0x000000005e745800 Exception <a 'java/lang/NoSuchMethodError'{0x00000000889377b8}: <clinit>> (0x00000000889377b8) thrown at [./src/hotspot/share/prims/jni.cpp, line 1362]
Event: 338.429 Thread 0x000000005e745800 Exception <a 'java/lang/NoSuchMethodError'{0x0000000088949950}: <clinit>> (0x0000000088949950) thrown at [./src/hotspot/share/prims/jni.cpp, line 1362]
Event: 338.430 Thread 0x000000005e745800 Exception <a 'java/lang/NoSuchMethodError'{0x0000000088955aa0}: <clinit>> (0x0000000088955aa0) thrown at [./src/hotspot/share/prims/jni.cpp, line 1362]
Event: 338.446 Thread 0x000000005e745800 Exception <a 'java/lang/NoSuchMethodError'{0x000000008896acb8}: <clinit>> (0x000000008896acb8) thrown at [./src/hotspot/share/prims/jni.cpp, line 1362]
Event: 338.448 Thread 0x000000005e745800 Exception <a 'java/lang/NoSuchMethodError'{0x0000000088985630}: <clinit>> (0x0000000088985630) thrown at [./src/hotspot/share/prims/jni.cpp, line 1362]
Event: 338.449 Thread 0x000000005e745800 Exception <a 'java/lang/NoSuchMethodError'{0x00000000889941c0}: <clinit>> (0x00000000889941c0) thrown at [./src/hotspot/share/prims/jni.cpp, line 1362]
Event: 343.625 Thread 0x000000005ec22000 Implicit null exception at 0x000000000dc0b064 to 0x000000000dc0b530
Event: 343.641 Thread 0x000000005ec22000 Implicit null exception at 0x000000000dfbd284 to 0x000000000dfbd7e4
Event: 463.703 Thread 0x0000000061546000 Implicit null exception at 0x000000000e1e534f to 0x000000000e1e5e20
Event: 521.485 Thread 0x0000000061546000 Exception <a 'sun/nio/fs/WindowsException'{0x0000000089092cf8}> (0x0000000089092cf8) thrown at [./src/hotspot/share/prims/jni.cpp, line 615]
Event: 527.816 Thread 0x0000000061546000 Exception <a 'java/lang/NoClassDefFoundError'{0x0000000089203ae0}: org/jetbrains/kotlin/gradle/plugin/KotlinBasePluginWrapper> (0x0000000089203ae0) thrown at [./src/hotspot/share/oops/constantPool.cpp, line 775]
Event: 530.193 Thread 0x0000000061546000 Exception <a 'sun/nio/fs/WindowsException'{0x00000000890ae048}> (0x00000000890ae048) thrown at [./src/hotspot/share/prims/jni.cpp, line 615]
Event: 533.230 Thread 0x0000000061546000 Exception <a 'sun/nio/fs/WindowsException'{0x0000000088f62548}> (0x0000000088f62548) thrown at [./src/hotspot/share/prims/jni.cpp, line 615]
Event: 533.265 Thread 0x0000000061546000 Exception <a 'sun/nio/fs/WindowsException'{0x0000000088f638c0}> (0x0000000088f638c0) thrown at [./src/hotspot/share/prims/jni.cpp, line 615]
Event: 533.265 Thread 0x0000000061546000 Exception <a 'sun/nio/fs/WindowsException'{0x0000000088f64c88}> (0x0000000088f64c88) thrown at [./src/hotspot/share/prims/jni.cpp, line 615]
Event: 533.265 Thread 0x0000000061546000 Exception <a 'sun/nio/fs/WindowsException'{0x0000000088f66050}> (0x0000000088f66050) thrown at [./src/hotspot/share/prims/jni.cpp, line 615]
Event: 537.039 Thread 0x0000000061546000 Exception <a 'sun/nio/fs/WindowsException'{0x0000000089240860}> (0x0000000089240860) thrown at [./src/hotspot/share/prims/jni.cpp, line 615]

Events (20 events):
Event: 624.404 Thread 0x0000000066dbc000 Thread added: 0x0000000066dbc000
Event: 624.706 Executing VM operation: RevokeBias
Event: 624.776 Executing VM operation: RevokeBias done
Event: 624.987 loading class com/android/ide/common/symbols/IdProvider
Event: 624.987 loading class com/android/ide/common/symbols/IdProvider done
Event: 625.078 Executing VM operation: RevokeBias
Event: 625.131 Executing VM operation: RevokeBias done
Event: 625.131 Executing VM operation: RevokeBias
Event: 625.131 Executing VM operation: RevokeBias done
Event: 625.131 Executing VM operation: RevokeBias
Event: 625.165 Executing VM operation: RevokeBias done
Event: 625.181 Executing VM operation: RevokeBias
Event: 625.226 Executing VM operation: RevokeBias done
Event: 625.227 Executing VM operation: RevokeBias
Event: 625.227 Executing VM operation: RevokeBias done
Event: 625.227 loading class com/android/ide/common/symbols/IdProvider$Companion
Event: 625.227 loading class com/android/ide/common/symbols/IdProvider$Companion done
Event: 625.330 loading class com/android/ide/common/symbols/IdProvider$Companion$constant$1
Event: 625.330 loading class com/android/ide/common/symbols/IdProvider$Companion$constant$1 done
Event: 625.904 Executing VM operation: G1CollectForAllocation


Dynamic libraries:
0x000000013f1d0000 - 0x000000013f1da000 	C:\Program Files\Android\Android Studio1\jre\bin\java.exe
0x0000000077610000 - 0x00000000777af000 	C:\Windows\SYSTEM32\ntdll.dll
0x00000000773f0000 - 0x000000007750f000 	C:\Windows\system32\kernel32.dll
0x000007fefd1b0000 - 0x000007fefd217000 	C:\Windows\system32\KERNELBASE.dll
0x000007fef12d0000 - 0x000007fef12e9000 	C:\Program Files\Android\Android Studio1\jre\bin\jli.dll
0x000007fefbbb0000 - 0x000007fefbda5000 	C:\Windows\WinSxS\amd64_microsoft.windows.common-controls_6595b64144ccf1df_6.0.7601.24483_none_e372d88f30fbb845\COMCTL32.dll
0x000007feff370000 - 0x000007feff40f000 	C:\Windows\system32\msvcrt.dll
0x000007feff4c0000 - 0x000007feff527000 	C:\Windows\system32\GDI32.dll
0x0000000077510000 - 0x000000007760b000 	C:\Windows\system32\USER32.dll
0x000007feff410000 - 0x000007feff41e000 	C:\Windows\system32\LPK.dll
0x000007fefdcc0000 - 0x000007fefdd8b000 	C:\Windows\system32\USP10.dll
0x000007fefdae0000 - 0x000007fefdb51000 	C:\Windows\system32\SHLWAPI.dll
0x000007fef6370000 - 0x000007fef6387000 	C:\Program Files\Android\Android Studio1\jre\bin\VCRUNTIME140.dll
0x000007fefbaa0000 - 0x000007fefbaa4000 	C:\Windows\system32\api-ms-win-crt-runtime-l1-1-0.dll
0x000007feefd20000 - 0x000007feefe14000 	C:\Windows\system32\ucrtbase.DLL
0x000007fef72d0000 - 0x000007fef72d3000 	C:\Windows\system32\api-ms-win-core-timezone-l1-1-0.dll
0x000007fef72c0000 - 0x000007fef72c3000 	C:\Windows\system32\api-ms-win-core-file-l2-1-0.dll
0x000007fef72b0000 - 0x000007fef72b3000 	C:\Windows\system32\api-ms-win-core-localization-l1-2-0.dll
0x000007fefa8c0000 - 0x000007fefa8c3000 	C:\Windows\system32\api-ms-win-core-synch-l1-2-0.dll
0x000007fef5f20000 - 0x000007fef5f23000 	C:\Windows\system32\api-ms-win-core-processthreads-l1-1-1.dll
0x000007fef5f10000 - 0x000007fef5f13000 	C:\Windows\system32\api-ms-win-core-file-l1-2-0.dll
0x000007fef5f00000 - 0x000007fef5f04000 	C:\Windows\system32\api-ms-win-crt-string-l1-1-0.dll
0x000007fef5ef0000 - 0x000007fef5ef3000 	C:\Windows\system32\api-ms-win-crt-heap-l1-1-0.dll
0x000007fef5ee0000 - 0x000007fef5ee4000 	C:\Windows\system32\api-ms-win-crt-stdio-l1-1-0.dll
0x000007fef5ed0000 - 0x000007fef5ed4000 	C:\Windows\system32\api-ms-win-crt-convert-l1-1-0.dll
0x000007fef5ec0000 - 0x000007fef5ec3000 	C:\Windows\system32\api-ms-win-crt-environment-l1-1-0.dll
0x000007fef5e70000 - 0x000007fef5e73000 	C:\Windows\system32\api-ms-win-crt-filesystem-l1-1-0.dll
0x000007fef5e80000 - 0x000007fef5e85000 	C:\Windows\system32\api-ms-win-crt-math-l1-1-0.dll
0x000007fef1580000 - 0x000007fef1583000 	C:\Windows\system32\api-ms-win-crt-locale-l1-1-0.dll
0x000007feff530000 - 0x000007feff55e000 	C:\Windows\system32\IMM32.DLL
0x000007fefd700000 - 0x000007fefd80b000 	C:\Windows\system32\MSCTF.dll
0x000007feedd90000 - 0x000007feede2d000 	C:\Program Files\Android\Android Studio1\jre\bin\msvcp140.dll
0x000007fef1510000 - 0x000007fef1515000 	C:\Windows\system32\api-ms-win-crt-multibyte-l1-1-0.dll
0x000007fef5e60000 - 0x000007fef5e63000 	C:\Windows\system32\api-ms-win-crt-time-l1-1-0.dll
0x000007fef5eb0000 - 0x000007fef5eb3000 	C:\Windows\system32\api-ms-win-crt-utility-l1-1-0.dll
0x000007feeabf0000 - 0x000007feeb6c5000 	C:\Program Files\Android\Android Studio1\jre\bin\server\jvm.dll
0x000007fefdf70000 - 0x000007fefe04b000 	C:\Windows\system32\ADVAPI32.dll
0x000007fefe5a0000 - 0x000007fefe5bf000 	C:\Windows\SYSTEM32\sechost.dll
0x000007feff7d0000 - 0x000007feff8fc000 	C:\Windows\system32\RPCRT4.dll
0x000007fef0ad0000 - 0x000007fef0ad9000 	C:\Windows\system32\WSOCK32.dll
0x000007fefdd90000 - 0x000007fefdddd000 	C:\Windows\system32\WS2_32.dll
0x000007feff760000 - 0x000007feff768000 	C:\Windows\system32\NSI.dll
0x000007fefa790000 - 0x000007fefa7cb000 	C:\Windows\system32\WINMM.dll
0x000007fefc240000 - 0x000007fefc24c000 	C:\Windows\system32\VERSION.dll
0x00000000777b0000 - 0x00000000777b7000 	C:\Windows\system32\PSAPI.DLL
0x000007fef5e40000 - 0x000007fef5e51000 	C:\Program Files\Android\Android Studio1\jre\bin\verify.dll
0x000007feee1d0000 - 0x000007feee2f5000 	C:\Windows\system32\DBGHELP.DLL
0x000007fef5e10000 - 0x000007fef5e39000 	C:\Program Files\Android\Android Studio1\jre\bin\java.dll
0x000007fef5e00000 - 0x000007fef5e0b000 	C:\Program Files\Android\Android Studio1\jre\bin\jimage.dll
0x000007fef5de0000 - 0x000007fef5df8000 	C:\Program Files\Android\Android Studio1\jre\bin\zip.dll
0x000007fefe5e0000 - 0x000007feff36b000 	C:\Windows\system32\SHELL32.dll
0x000007feff560000 - 0x000007feff75f000 	C:\Windows\system32\ole32.dll
0x000007fefd170000 - 0x000007fefd17f000 	C:\Windows\system32\profapi.dll
0x000007fef5dc0000 - 0x000007fef5dda000 	C:\Program Files\Android\Android Studio1\jre\bin\net.dll
0x000007fef6e30000 - 0x000007fef6ea1000 	C:\Windows\system32\WINHTTP.dll
0x000007fef6dc0000 - 0x000007fef6e25000 	C:\Windows\system32\webio.dll
0x000007fefc8a0000 - 0x000007fefc8f5000 	C:\Windows\system32\mswsock.dll
0x000007fefc890000 - 0x000007fefc897000 	C:\Windows\System32\wship6.dll
0x000007fef5ce0000 - 0x000007fef5cf4000 	C:\Program Files\Android\Android Studio1\jre\bin\nio.dll
0x000007fef1520000 - 0x000007fef1547000 	C:\Users\Admin\.gradle\native\e1d6ef7f7dcc3fd88c89a11ec53ec762bb8ba0a96d01ffa2cd45eb1d1d8dd5c5\windows-amd64\native-platform.dll
0x000007fef5aa0000 - 0x000007fef5aaa000 	C:\Program Files\Android\Android Studio1\jre\bin\management.dll
0x000007fef5a90000 - 0x000007fef5a9d000 	C:\Program Files\Android\Android Studio1\jre\bin\management_ext.dll
0x000007fefc900000 - 0x000007fefc918000 	C:\Windows\system32\CRYPTSP.dll
0x000007fefc600000 - 0x000007fefc647000 	C:\Windows\system32\rsaenh.dll
0x000007fefd240000 - 0x000007fefd25f000 	C:\Windows\system32\USERENV.dll
0x000007fefcfc0000 - 0x000007fefcfcf000 	C:\Windows\system32\CRYPTBASE.dll
0x000007fefa890000 - 0x000007fefa8b7000 	C:\Windows\system32\IPHLPAPI.DLL
0x000007fefa880000 - 0x000007fefa88b000 	C:\Windows\system32\WINNSI.DLL
0x000007fef9ad0000 - 0x000007fef9ae8000 	C:\Windows\system32\dhcpcsvc.DLL
0x000007fef9ab0000 - 0x000007fef9ac1000 	C:\Windows\system32\dhcpcsvc6.DLL
0x000007fefcf60000 - 0x000007fefcfb7000 	C:\Windows\system32\apphelp.dll

dbghelp: loaded successfully - version: 4.0.5 - missing functions: none
symbol engine: initialized successfully - sym options: 0x614 - pdb path: .;C:\Program Files\Android\Android Studio1\jre\bin;C:\Windows\SYSTEM32;C:\Windows\WinSxS\amd64_microsoft.windows.common-controls_6595b64144ccf1df_6.0.7601.24483_none_e372d88f30fbb845;C:\Program Files\Android\Android Studio1\jre\bin\server;C:\Users\Admin\.gradle\native\e1d6ef7f7dcc3fd88c89a11ec53ec762bb8ba0a96d01ffa2cd45eb1d1d8dd5c5\windows-amd64

VM Arguments:
jvm_args: --add-opens=java.base/java.util=ALL-UNNAMED --add-opens=java.base/java.lang=ALL-UNNAMED --add-opens=java.base/java.lang.invoke=ALL-UNNAMED --add-opens=java.base/java.util=ALL-UNNAMED --add-opens=java.prefs/java.util.prefs=ALL-UNNAMED --add-opens=java.prefs/java.util.prefs=ALL-UNNAMED --add-opens=java.base/java.nio.charset=ALL-UNNAMED --add-opens=java.base/java.net=ALL-UNNAMED --add-opens=java.base/java.util.concurrent.atomic=ALL-UNNAMED -Xmx2048m -Dfile.encoding=UTF-8 -Duser.country=FR -Duser.language=fr -Duser.variant 
java_command: org.gradle.launcher.daemon.bootstrap.GradleDaemon 7.2
java_class_path (initial): C:\Users\Admin\.gradle\wrapper\dists\gradle-7.2-bin\2dnblmf4td7x66yl1d74lt32g\gradle-7.2\lib\gradle-launcher-7.2.jar
Launcher Type: SUN_STANDARD

[Global flags]
     intx CICompilerCount                          = 3                                         {product} {ergonomic}
     uint ConcGCThreads                            = 1                                         {product} {ergonomic}
     uint G1ConcRefinementThreads                  = 4                                         {product} {ergonomic}
   size_t G1HeapRegionSize                         = 1048576                                   {product} {ergonomic}
    uintx GCDrainStackTargetSize                   = 64                                        {product} {ergonomic}
   size_t InitialHeapSize                          = 33554432                                  {product} {ergonomic}
   size_t MarkStackSize                            = 4194304                                   {product} {ergonomic}
   size_t MaxHeapSize                              = 2147483648                                {product} {command line}
   size_t MaxNewSize                               = 1287651328                                {product} {ergonomic}
   size_t MinHeapDeltaBytes                        = 1048576                                   {product} {ergonomic}
    uintx NonNMethodCodeHeapSize                   = 5830732                                {pd product} {ergonomic}
    uintx NonProfiledCodeHeapSize                  = 122913754                              {pd product} {ergonomic}
    uintx ProfiledCodeHeapSize                     = 122913754                              {pd product} {ergonomic}
    uintx ReservedCodeCacheSize                    = 251658240                              {pd product} {ergonomic}
     bool SegmentedCodeCache                       = true                                      {product} {ergonomic}
     bool UseCompressedClassPointers               = true                                 {lp64_product} {ergonomic}
     bool UseCompressedOops                        = true                                 {lp64_product} {ergonomic}
     bool UseG1GC                                  = true                                      {product} {ergonomic}
     bool UseLargePagesIndividualAllocation        = false                                  {pd product} {ergonomic}

Logging:
Log output configuration:
 #0: stdout all=warning uptime,level,tags
 #1: stderr all=off uptime,level,tags

Environment Variables:
PATH=C:\Program Files (x86)\Common Files\Oracle\Java\javapath;C:\Windows\system32;C:\Windows;C:\Windows\System32\Wbem;C:\Windows\System32\WindowsPowerShell\v1.0\
USERNAME=Admin
OS=Windows_NT
PROCESSOR_IDENTIFIER=Intel64 Family 6 Model 58 Stepping 9, GenuineIntel



---------------  S Y S T E M  ---------------

OS: Windows 7 , 64 bit Build 7601 (6.1.7601.24545)
OS uptime: 0 days 1:49 hours

CPU:total 4 (initial active 4) (2 cores per cpu, 2 threads per core) family 6 model 58 stepping 9 microcode 0x0, cmov, cx8, fxsr, mmx, sse, sse2, sse3, ssse3, sse4.1, sse4.2, popcnt, avx, clmul, erms, ht, tsc, tscinvbit, tscinv

Memory: 4k page, system-wide physical 1946M (102M free)
TotalPageFile size 4073M (AvailPageFile size 393M)
current process WorkingSet (physical memory assigned to process): 214M, peak: 356M
current process commit charge ("private bytes"): 519M, peak: 913M

vm_info: OpenJDK 64-Bit Server VM (11.0.11+9-b60-7590822) for windows-amd64 JRE (11.0.11+9-b60-7590822), built on Jul 29 2021 21:43:44 by "builder" with MS VC++ 14.0 (VS2015)

END.
